<?xml version="1.0" encoding="UTF-8"?>
<coverage generated="1537912633087" clover="3.2.0">
  <project timestamp="1537912633087" name="All files">
    <metrics statements="216" coveredstatements="118" conditionals="189" coveredconditionals="66" methods="66" coveredmethods="27" elements="471" coveredelements="211" complexity="0" loc="216" ncloc="216" packages="3" files="5" classes="5">
      <package name="dist">
        <metrics statements="15" coveredstatements="15" conditionals="0" coveredconditionals="0" methods="0" coveredmethods="0"/>
        <file name="index.js" path="C:\Users\Orel Balilti\Documents\Projects\Sugoi\mongoDB\dist\index.js">
          <metrics statements="15" coveredstatements="15" conditionals="0" coveredconditionals="0" methods="0" coveredmethods="0"/>
          <line num="2" count="1" type="stmt"/>
          <line num="3" count="1" type="stmt"/>
          <line num="4" count="1" type="stmt"/>
          <line num="5" count="1" type="stmt"/>
          <line num="6" count="1" type="stmt"/>
          <line num="7" count="1" type="stmt"/>
          <line num="8" count="1" type="stmt"/>
          <line num="9" count="1" type="stmt"/>
          <line num="10" count="1" type="stmt"/>
          <line num="11" count="1" type="stmt"/>
          <line num="12" count="1" type="stmt"/>
          <line num="13" count="1" type="stmt"/>
          <line num="14" count="1" type="stmt"/>
          <line num="15" count="1" type="stmt"/>
          <line num="16" count="1" type="stmt"/>
        </file>
      </package>
      <package name="dist.classes">
        <metrics statements="196" coveredstatements="98" conditionals="189" coveredconditionals="66" methods="66" coveredmethods="27"/>
        <file name="mongo-connection.class.js" path="C:\Users\Orel Balilti\Documents\Projects\Sugoi\mongoDB\dist\classes\mongo-connection.class.js">
          <metrics statements="36" coveredstatements="25" conditionals="23" coveredconditionals="10" methods="12" coveredmethods="7"/>
          <line num="2" count="1" type="cond" truecount="3" falsecount="0"/>
          <line num="3" count="1" type="cond" truecount="1" falsecount="3"/>
          <line num="4" count="0" type="stmt"/>
          <line num="5" count="0" type="cond" truecount="0" falsecount="2"/>
          <line num="6" count="1" type="stmt"/>
          <line num="7" count="1" type="stmt"/>
          <line num="8" count="1" type="stmt"/>
          <line num="9" count="1" type="cond" truecount="1" falsecount="1"/>
          <line num="12" count="1" type="stmt"/>
          <line num="13" count="1" type="stmt"/>
          <line num="14" count="1" type="stmt"/>
          <line num="15" count="1" type="stmt"/>
          <line num="17" count="1" type="cond" truecount="1" falsecount="1"/>
          <line num="18" count="1" type="cond" truecount="2" falsecount="0"/>
          <line num="19" count="1" type="stmt"/>
          <line num="20" count="1" type="stmt"/>
          <line num="22" count="1" type="stmt"/>
          <line num="23" count="0" type="stmt"/>
          <line num="25" count="1" type="stmt"/>
          <line num="26" count="1" type="stmt"/>
          <line num="28" count="1" type="stmt"/>
          <line num="29" count="0" type="stmt"/>
          <line num="30" count="0" type="stmt"/>
          <line num="31" count="0" type="cond" truecount="0" falsecount="4"/>
          <line num="32" count="0" type="stmt"/>
          <line num="34" count="0" type="stmt"/>
          <line num="36" count="0" type="stmt"/>
          <line num="37" count="0" type="stmt"/>
          <line num="41" count="1" type="stmt"/>
          <line num="42" count="1" type="stmt"/>
          <line num="43" count="1" type="cond" truecount="2" falsecount="2"/>
          <line num="44" count="0" type="stmt"/>
          <line num="46" count="1" type="stmt"/>
          <line num="47" count="1" type="stmt"/>
          <line num="49" count="1" type="stmt"/>
          <line num="51" count="1" type="stmt"/>
        </file>
        <file name="mongo-model.abstract.js" path="C:\Users\Orel Balilti\Documents\Projects\Sugoi\mongoDB\dist\classes\mongo-model.abstract.js">
          <metrics statements="160" coveredstatements="73" conditionals="166" coveredconditionals="56" methods="54" coveredmethods="20"/>
          <line num="2" count="1" type="cond" truecount="3" falsecount="0"/>
          <line num="3" count="1" type="cond" truecount="1" falsecount="3"/>
          <line num="4" count="0" type="stmt"/>
          <line num="5" count="0" type="cond" truecount="0" falsecount="2"/>
          <line num="6" count="1" type="stmt"/>
          <line num="7" count="1" type="stmt"/>
          <line num="8" count="1" type="stmt"/>
          <line num="9" count="1" type="cond" truecount="1" falsecount="1"/>
          <line num="12" count="1" type="cond" truecount="3" falsecount="0"/>
          <line num="13" count="1" type="cond" truecount="2" falsecount="2"/>
          <line num="14" count="1" type="cond" truecount="3" falsecount="1"/>
          <line num="15" count="0" type="cond" truecount="0" falsecount="8"/>
          <line num="16" count="1" type="cond" truecount="2" falsecount="1"/>
          <line num="18" count="1" type="cond" truecount="3" falsecount="0"/>
          <line num="19" count="1" type="cond" truecount="3" falsecount="1"/>
          <line num="21" count="1" type="cond" truecount="3" falsecount="0"/>
          <line num="22" count="3" type="cond" truecount="2" falsecount="0"/>
          <line num="23" count="0" type="stmt"/>
          <line num="24" count="0" type="stmt"/>
          <line num="25" count="2" type="cond" truecount="1" falsecount="1"/>
          <line num="26" count="3" type="cond" truecount="2" falsecount="0"/>
          <line num="29" count="1" type="cond" truecount="3" falsecount="0"/>
          <line num="30" count="3" type="cond" truecount="0" falsecount="2"/>
          <line num="31" count="3" type="cond" truecount="2" falsecount="0"/>
          <line num="32" count="9" type="stmt"/>
          <line num="34" count="3" type="cond" truecount="1" falsecount="1"/>
          <line num="35" count="6" type="stmt"/>
          <line num="36" count="6" type="cond" truecount="2" falsecount="7"/>
          <line num="37" count="6" type="cond" truecount="1" falsecount="1"/>
          <line num="38" count="6" type="cond" truecount="3" falsecount="3"/>
          <line num="39" count="3" type="stmt"/>
          <line num="40" count="0" type="stmt"/>
          <line num="41" count="0" type="stmt"/>
          <line num="42" count="0" type="stmt"/>
          <line num="44" count="3" type="cond" truecount="5" falsecount="2"/>
          <line num="45" count="0" type="cond" truecount="0" falsecount="6"/>
          <line num="46" count="0" type="cond" truecount="0" falsecount="4"/>
          <line num="47" count="0" type="cond" truecount="0" falsecount="4"/>
          <line num="48" count="0" type="cond" truecount="0" falsecount="2"/>
          <line num="49" count="0" type="stmt"/>
          <line num="51" count="3" type="stmt"/>
          <line num="52" count="6" type="stmt"/>
          <line num="53" count="3" type="cond" truecount="3" falsecount="1"/>
          <line num="56" count="1" type="stmt"/>
          <line num="57" count="1" type="stmt"/>
          <line num="58" count="1" type="stmt"/>
          <line num="59" count="1" type="stmt"/>
          <line num="60" count="1" type="stmt"/>
          <line num="61" count="1" type="stmt"/>
          <line num="62" count="1" type="stmt"/>
          <line num="63" count="1" type="stmt"/>
          <line num="65" count="2" type="cond" truecount="1" falsecount="1"/>
          <line num="67" count="1" type="stmt"/>
          <line num="68" count="3" type="stmt"/>
          <line num="70" count="1" type="stmt"/>
          <line num="71" count="0" type="stmt"/>
          <line num="72" count="0" type="stmt"/>
          <line num="73" count="0" type="stmt"/>
          <line num="75" count="1" type="stmt"/>
          <line num="76" count="0" type="stmt"/>
          <line num="78" count="1" type="stmt"/>
          <line num="79" count="0" type="stmt"/>
          <line num="81" count="0" type="stmt"/>
          <line num="82" count="0" type="cond" truecount="0" falsecount="2"/>
          <line num="84" count="0" type="cond" truecount="0" falsecount="2"/>
          <line num="85" count="0" type="stmt"/>
          <line num="86" count="0" type="stmt"/>
          <line num="87" count="0" type="stmt"/>
          <line num="89" count="0" type="stmt"/>
          <line num="90" count="0" type="stmt"/>
          <line num="95" count="1" type="stmt"/>
          <line num="96" count="0" type="cond" truecount="0" falsecount="2"/>
          <line num="100" count="1" type="stmt"/>
          <line num="101" count="0" type="cond" truecount="0" falsecount="2"/>
          <line num="102" count="0" type="stmt"/>
          <line num="103" count="0" type="stmt"/>
          <line num="104" count="0" type="cond" truecount="0" falsecount="2"/>
          <line num="105" count="0" type="stmt"/>
          <line num="107" count="0" type="cond" truecount="0" falsecount="2"/>
          <line num="108" count="0" type="stmt"/>
          <line num="110" count="0" type="stmt"/>
          <line num="112" count="0" type="stmt"/>
          <line num="115" count="0" type="cond" truecount="0" falsecount="4"/>
          <line num="116" count="0" type="stmt"/>
          <line num="117" count="0" type="stmt"/>
          <line num="119" count="0" type="stmt"/>
          <line num="121" count="0" type="stmt"/>
          <line num="124" count="0" type="cond" truecount="0" falsecount="2"/>
          <line num="125" count="0" type="stmt"/>
          <line num="127" count="0" type="stmt"/>
          <line num="131" count="1" type="stmt"/>
          <line num="132" count="0" type="stmt"/>
          <line num="133" count="0" type="stmt"/>
          <line num="135" count="0" type="stmt"/>
          <line num="137" count="0" type="stmt"/>
          <line num="141" count="1" type="stmt"/>
          <line num="142" count="0" type="stmt"/>
          <line num="143" count="0" type="cond" truecount="0" falsecount="2"/>
          <line num="144" count="0" type="stmt"/>
          <line num="147" count="0" type="stmt"/>
          <line num="148" count="0" type="stmt"/>
          <line num="149" count="0" type="stmt"/>
          <line num="150" count="0" type="stmt"/>
          <line num="151" count="0" type="stmt"/>
          <line num="153" count="0" type="stmt"/>
          <line num="154" count="0" type="cond" truecount="0" falsecount="4"/>
          <line num="155" count="0" type="stmt"/>
          <line num="157" count="0" type="stmt"/>
          <line num="160" count="1" type="stmt"/>
          <line num="161" count="0" type="stmt"/>
          <line num="162" count="0" type="stmt"/>
          <line num="163" count="0" type="cond" truecount="0" falsecount="2"/>
          <line num="164" count="0" type="stmt"/>
          <line num="166" count="0" type="cond" truecount="0" falsecount="2"/>
          <line num="167" count="0" type="stmt"/>
          <line num="169" count="0" type="stmt"/>
          <line num="170" count="0" type="cond" truecount="0" falsecount="4"/>
          <line num="174" count="0" type="stmt"/>
          <line num="175" count="0" type="cond" truecount="0" falsecount="4"/>
          <line num="176" count="0" type="stmt"/>
          <line num="178" count="0" type="stmt"/>
          <line num="181" count="1" type="stmt"/>
          <line num="182" count="0" type="stmt"/>
          <line num="183" count="0" type="stmt"/>
          <line num="184" count="0" type="stmt"/>
          <line num="185" count="0" type="cond" truecount="0" falsecount="4"/>
          <line num="187" count="0" type="stmt"/>
          <line num="190" count="0" type="stmt"/>
          <line num="192" count="1" type="stmt"/>
          <line num="193" count="0" type="stmt"/>
          <line num="194" count="0" type="cond" truecount="0" falsecount="2"/>
          <line num="195" count="0" type="stmt"/>
          <line num="196" count="0" type="stmt"/>
          <line num="197" count="0" type="stmt"/>
          <line num="199" count="1" type="stmt"/>
          <line num="200" count="3" type="stmt"/>
          <line num="201" count="3" type="stmt"/>
          <line num="202" count="3" type="stmt"/>
          <line num="203" count="2" type="stmt"/>
          <line num="204" count="2" type="stmt"/>
          <line num="208" count="1" type="stmt"/>
          <line num="209" count="2" type="cond" truecount="1" falsecount="1"/>
          <line num="210" count="2" type="stmt"/>
          <line num="211" count="2" type="stmt"/>
          <line num="213" count="1" type="stmt"/>
          <line num="214" count="1" type="stmt"/>
          <line num="215" count="1" type="stmt"/>
          <line num="218" count="1" type="cond" truecount="2" falsecount="2"/>
          <line num="219" count="0" type="stmt"/>
          <line num="224" count="1" type="cond" truecount="1" falsecount="1"/>
          <line num="225" count="1" type="stmt"/>
          <line num="227" count="1" type="stmt"/>
          <line num="229" count="0" type="stmt"/>
          <line num="230" count="0" type="stmt"/>
          <line num="236" count="1" type="stmt"/>
          <line num="237" count="0" type="cond" truecount="0" falsecount="3"/>
          <line num="239" count="1" type="stmt"/>
          <line num="240" count="1" type="stmt"/>
          <line num="244" count="1" type="stmt"/>
          <line num="246" count="1" type="stmt"/>
        </file>
      </package>
      <package name="dist.constants">
        <metrics statements="5" coveredstatements="5" conditionals="0" coveredconditionals="0" methods="0" coveredmethods="0"/>
        <file name="exceptions.constant.js" path="C:\Users\Orel Balilti\Documents\Projects\Sugoi\mongoDB\dist\constants\exceptions.constant.js">
          <metrics statements="2" coveredstatements="2" conditionals="0" coveredconditionals="0" methods="0" coveredmethods="0"/>
          <line num="2" count="1" type="stmt"/>
          <line num="3" count="1" type="stmt"/>
        </file>
        <file name="sort-options-mongo.constant.js" path="C:\Users\Orel Balilti\Documents\Projects\Sugoi\mongoDB\dist\constants\sort-options-mongo.constant.js">
          <metrics statements="3" coveredstatements="3" conditionals="0" coveredconditionals="0" methods="0" coveredmethods="0"/>
          <line num="2" count="1" type="stmt"/>
          <line num="4" count="1" type="stmt"/>
          <line num="5" count="1" type="stmt"/>
        </file>
      </package>
    </metrics>
  </project>
</coverage>
