<?xml version="1.0" encoding="UTF-8"?>
<coverage generated="1539032930513" clover="3.2.0">
  <project timestamp="1539032930513" name="All files">
    <metrics statements="181" coveredstatements="168" conditionals="141" coveredconditionals="99" methods="63" coveredmethods="58" elements="385" coveredelements="325" complexity="0" loc="181" ncloc="181" packages="4" files="6" classes="6">
      <package name="dist">
        <metrics statements="18" coveredstatements="18" conditionals="0" coveredconditionals="0" methods="0" coveredmethods="0"/>
        <file name="index.js" path="C:\Users\Orel Balilti\Documents\Projects\Sugoi\mongoDB\dist\index.js">
          <metrics statements="18" coveredstatements="18" conditionals="0" coveredconditionals="0" methods="0" coveredmethods="0"/>
          <line num="2" count="1" type="stmt"/>
          <line num="3" count="1" type="stmt"/>
          <line num="4" count="1" type="stmt"/>
          <line num="5" count="1" type="stmt"/>
          <line num="6" count="1" type="stmt"/>
          <line num="7" count="1" type="stmt"/>
          <line num="8" count="1" type="stmt"/>
          <line num="9" count="1" type="stmt"/>
          <line num="10" count="1" type="stmt"/>
          <line num="11" count="1" type="stmt"/>
          <line num="12" count="1" type="stmt"/>
          <line num="13" count="1" type="stmt"/>
          <line num="14" count="1" type="stmt"/>
          <line num="15" count="1" type="stmt"/>
          <line num="16" count="1" type="stmt"/>
          <line num="17" count="1" type="stmt"/>
          <line num="18" count="1" type="stmt"/>
          <line num="19" count="1" type="stmt"/>
        </file>
      </package>
      <package name="dist.__tests__.models">
        <metrics statements="28" coveredstatements="27" conditionals="31" coveredconditionals="19" methods="12" coveredmethods="12"/>
        <file name="dummy.js" path="C:\Users\Orel Balilti\Documents\Projects\Sugoi\mongoDB\dist\__tests__\models\dummy.js">
          <metrics statements="28" coveredstatements="27" conditionals="31" coveredconditionals="19" methods="12" coveredmethods="12"/>
          <line num="2" count="1" type="cond" truecount="3" falsecount="0"/>
          <line num="3" count="4" type="cond" truecount="3" falsecount="1"/>
          <line num="4" count="4" type="cond" truecount="3" falsecount="1"/>
          <line num="5" count="0" type="cond" truecount="0" falsecount="8"/>
          <line num="6" count="4" type="cond" truecount="2" falsecount="1"/>
          <line num="8" count="1" type="cond" truecount="3" falsecount="0"/>
          <line num="9" count="4" type="cond" truecount="3" falsecount="1"/>
          <line num="11" count="1" type="stmt"/>
          <line num="13" count="1" type="stmt"/>
          <line num="14" count="1" type="stmt"/>
          <line num="15" count="1" type="stmt"/>
          <line num="17" count="78" type="stmt"/>
          <line num="18" count="78" type="stmt"/>
          <line num="21" count="12" type="stmt"/>
          <line num="24" count="1" type="stmt"/>
          <line num="27" count="27" type="cond" truecount="2" falsecount="0"/>
          <line num="30" count="8" type="stmt"/>
          <line num="33" count="7" type="stmt"/>
          <line num="36" count="17" type="stmt"/>
          <line num="37" count="17" type="stmt"/>
          <line num="40" count="17" type="stmt"/>
          <line num="43" count="27" type="stmt"/>
          <line num="46" count="17" type="stmt"/>
          <line num="49" count="1" type="stmt"/>
          <line num="53" count="1" type="stmt"/>
          <line num="57" count="1" type="stmt"/>
          <line num="61" count="1" type="stmt"/>
          <line num="66" count="1" type="stmt"/>
        </file>
      </package>
      <package name="dist.classes">
        <metrics statements="130" coveredstatements="118" conditionals="110" coveredconditionals="80" methods="51" coveredmethods="46"/>
        <file name="mongo-connection.class.js" path="C:\Users\Orel Balilti\Documents\Projects\Sugoi\mongoDB\dist\classes\mongo-connection.class.js">
          <metrics statements="32" coveredstatements="28" conditionals="14" coveredconditionals="9" methods="10" coveredmethods="8"/>
          <line num="2" count="1" type="stmt"/>
          <line num="3" count="1" type="stmt"/>
          <line num="4" count="1" type="stmt"/>
          <line num="7" count="1" type="stmt"/>
          <line num="8" count="1" type="stmt"/>
          <line num="9" count="1" type="stmt"/>
          <line num="12" count="1" type="stmt"/>
          <line num="15" count="1" type="cond" truecount="2" falsecount="2"/>
          <line num="16" count="0" type="stmt"/>
          <line num="21" count="1" type="cond" truecount="1" falsecount="1"/>
          <line num="22" count="1" type="stmt"/>
          <line num="24" count="1" type="stmt"/>
          <line num="26" count="1" type="stmt"/>
          <line num="27" count="1" type="stmt"/>
          <line num="31" count="1" type="stmt"/>
          <line num="32" count="1" type="stmt"/>
          <line num="35" count="0" type="stmt"/>
          <line num="36" count="0" type="stmt"/>
          <line num="40" count="16" type="stmt"/>
          <line num="43" count="1" type="stmt"/>
          <line num="46" count="2" type="cond" truecount="2" falsecount="0"/>
          <line num="47" count="1" type="stmt"/>
          <line num="48" count="1" type="stmt"/>
          <line num="51" count="1" type="stmt"/>
          <line num="53" count="1" type="stmt"/>
          <line num="54" count="1" type="stmt"/>
          <line num="59" count="1" type="stmt"/>
          <line num="60" count="1" type="cond" truecount="2" falsecount="2"/>
          <line num="61" count="0" type="stmt"/>
          <line num="63" count="1" type="stmt"/>
          <line num="64" count="1" type="stmt"/>
          <line num="67" count="1" type="stmt"/>
        </file>
        <file name="mongo-model.abstract.js" path="C:\Users\Orel Balilti\Documents\Projects\Sugoi\mongoDB\dist\classes\mongo-model.abstract.js">
          <metrics statements="98" coveredstatements="90" conditionals="96" coveredconditionals="71" methods="41" coveredmethods="38"/>
          <line num="2" count="1" type="cond" truecount="3" falsecount="0"/>
          <line num="3" count="2" type="cond" truecount="2" falsecount="2"/>
          <line num="4" count="2" type="cond" truecount="3" falsecount="1"/>
          <line num="5" count="0" type="cond" truecount="0" falsecount="8"/>
          <line num="6" count="2" type="cond" truecount="2" falsecount="1"/>
          <line num="8" count="1" type="cond" truecount="3" falsecount="0"/>
          <line num="9" count="2" type="cond" truecount="3" falsecount="1"/>
          <line num="11" count="1" type="cond" truecount="3" falsecount="0"/>
          <line num="12" count="34" type="cond" truecount="2" falsecount="0"/>
          <line num="13" count="1" type="stmt"/>
          <line num="14" count="0" type="stmt"/>
          <line num="15" count="35" type="cond" truecount="2" falsecount="0"/>
          <line num="16" count="34" type="cond" truecount="2" falsecount="0"/>
          <line num="19" count="1" type="stmt"/>
          <line num="20" count="1" type="stmt"/>
          <line num="21" count="1" type="stmt"/>
          <line num="22" count="1" type="stmt"/>
          <line num="23" count="1" type="stmt"/>
          <line num="26" count="78" type="stmt"/>
          <line num="29" count="1" type="stmt"/>
          <line num="30" count="1" type="cond" truecount="3" falsecount="1"/>
          <line num="31" count="1" type="cond" truecount="1" falsecount="1"/>
          <line num="33" count="1" type="stmt"/>
          <line num="36" count="25" type="stmt"/>
          <line num="39" count="15" type="stmt"/>
          <line num="40" count="15" type="stmt"/>
          <line num="41" count="15" type="stmt"/>
          <line num="42" count="15" type="stmt"/>
          <line num="45" count="3" type="stmt"/>
          <line num="48" count="31" type="stmt"/>
          <line num="49" count="31" type="cond" truecount="2" falsecount="0"/>
          <line num="50" count="30" type="stmt"/>
          <line num="51" count="1" type="stmt"/>
          <line num="55" count="14" type="stmt"/>
          <line num="56" count="14" type="stmt"/>
          <line num="57" count="14" type="cond" truecount="2" falsecount="0"/>
          <line num="58" count="9" type="stmt"/>
          <line num="60" count="5" type="cond" truecount="2" falsecount="0"/>
          <line num="61" count="1" type="stmt"/>
          <line num="63" count="14" type="stmt"/>
          <line num="65" count="14" type="stmt"/>
          <line num="68" count="14" type="cond" truecount="4" falsecount="0"/>
          <line num="69" count="5" type="stmt"/>
          <line num="70" count="5" type="stmt"/>
          <line num="72" count="5" type="stmt"/>
          <line num="74" count="14" type="stmt"/>
          <line num="77" count="14" type="cond" truecount="1" falsecount="1"/>
          <line num="78" count="0" type="stmt"/>
          <line num="80" count="14" type="stmt"/>
          <line num="85" count="17" type="stmt"/>
          <line num="87" count="17" type="stmt"/>
          <line num="89" count="17" type="stmt"/>
          <line num="94" count="8" type="stmt"/>
          <line num="96" count="8" type="stmt"/>
          <line num="97" count="8" type="stmt"/>
          <line num="98" count="8" type="stmt"/>
          <line num="99" count="8" type="stmt"/>
          <line num="100" count="8" type="stmt"/>
          <line num="102" count="8" type="stmt"/>
          <line num="104" count="8" type="cond" truecount="4" falsecount="0"/>
          <line num="105" count="7" type="stmt"/>
          <line num="107" count="1" type="stmt"/>
          <line num="111" count="6" type="stmt"/>
          <line num="112" count="6" type="cond" truecount="2" falsecount="0"/>
          <line num="113" count="3" type="stmt"/>
          <line num="115" count="3" type="cond" truecount="2" falsecount="0"/>
          <line num="116" count="1" type="stmt"/>
          <line num="118" count="6" type="stmt"/>
          <line num="120" count="6" type="cond" truecount="4" falsecount="0"/>
          <line num="124" count="6" type="stmt"/>
          <line num="126" count="6" type="cond" truecount="4" falsecount="0"/>
          <line num="127" count="5" type="stmt"/>
          <line num="129" count="1" type="stmt"/>
          <line num="133" count="0" type="stmt"/>
          <line num="134" count="0" type="stmt"/>
          <line num="135" count="0" type="cond" truecount="0" falsecount="4"/>
          <line num="137" count="0" type="stmt"/>
          <line num="140" count="0" type="stmt"/>
          <line num="143" count="2" type="stmt"/>
          <line num="144" count="2" type="cond" truecount="1" falsecount="1"/>
          <line num="145" count="2" type="stmt"/>
          <line num="146" count="2" type="stmt"/>
          <line num="147" count="2" type="stmt"/>
          <line num="150" count="3" type="stmt"/>
          <line num="151" count="3" type="stmt"/>
          <line num="152" count="3" type="stmt"/>
          <line num="153" count="3" type="stmt"/>
          <line num="154" count="3" type="stmt"/>
          <line num="158" count="61" type="cond" truecount="2" falsecount="0"/>
          <line num="159" count="2" type="stmt"/>
          <line num="160" count="2" type="stmt"/>
          <line num="162" count="61" type="cond" truecount="2" falsecount="0"/>
          <line num="163" count="59" type="stmt"/>
          <line num="164" count="61" type="stmt"/>
          <line num="167" count="20" type="cond" truecount="3" falsecount="0"/>
          <line num="170" count="1" type="stmt"/>
          <line num="174" count="1" type="stmt"/>
          <line num="178" count="1" type="stmt"/>
        </file>
      </package>
      <package name="dist.constants">
        <metrics statements="5" coveredstatements="5" conditionals="0" coveredconditionals="0" methods="0" coveredmethods="0"/>
        <file name="exceptions.constant.js" path="C:\Users\Orel Balilti\Documents\Projects\Sugoi\mongoDB\dist\constants\exceptions.constant.js">
          <metrics statements="2" coveredstatements="2" conditionals="0" coveredconditionals="0" methods="0" coveredmethods="0"/>
          <line num="2" count="1" type="stmt"/>
          <line num="3" count="1" type="stmt"/>
        </file>
        <file name="sort-options-mongo.constant.js" path="C:\Users\Orel Balilti\Documents\Projects\Sugoi\mongoDB\dist\constants\sort-options-mongo.constant.js">
          <metrics statements="3" coveredstatements="3" conditionals="0" coveredconditionals="0" methods="0" coveredmethods="0"/>
          <line num="2" count="1" type="stmt"/>
          <line num="3" count="1" type="stmt"/>
          <line num="4" count="1" type="stmt"/>
        </file>
      </package>
    </metrics>
  </project>
</coverage>
