{"C:\\Users\\Orel Balilti\\Documents\\Projects\\Sugoi\\mongoDB\\dist\\index.js": {"path":"C:\\Users\\Orel Balilti\\Documents\\Projects\\Sugoi\\mongoDB\\dist\\index.js","statementMap":{"0":{"start":{"line":2,"column":0},"end":{"line":2,"column":62}},"1":{"start":{"line":3,"column":28},"end":{"line":3,"column":70}},"2":{"start":{"line":4,"column":0},"end":{"line":4,"column":54}},"3":{"start":{"line":5,"column":31},"end":{"line":5,"column":74}},"4":{"start":{"line":6,"column":0},"end":{"line":6,"column":67}},"5":{"start":{"line":7,"column":29},"end":{"line":7,"column":70}},"6":{"start":{"line":8,"column":0},"end":{"line":8,"column":55}},"7":{"start":{"line":9,"column":12},"end":{"line":9,"column":33}},"8":{"start":{"line":10,"column":0},"end":{"line":10,"column":32}},"9":{"start":{"line":11,"column":0},"end":{"line":11,"column":46}},"10":{"start":{"line":12,"column":0},"end":{"line":12,"column":36}},"11":{"start":{"line":13,"column":0},"end":{"line":13,"column":44}},"12":{"start":{"line":14,"column":0},"end":{"line":14,"column":42}},"13":{"start":{"line":15,"column":0},"end":{"line":15,"column":34}},"14":{"start":{"line":16,"column":0},"end":{"line":16,"column":40}}},"fnMap":{},"branchMap":{},"s":{"0":1,"1":1,"2":1,"3":1,"4":1,"5":1,"6":1,"7":1,"8":1,"9":1,"10":1,"11":1,"12":1,"13":1,"14":1},"f":{},"b":{},"_coverageSchema":"332fd63041d2c1bcb487cc26dd0d5f7d97098a6c","hash":"964d013769374630acde3feffc060847ca3fdce1"}
,"C:\\Users\\Orel Balilti\\Documents\\Projects\\Sugoi\\mongoDB\\dist\\classes\\mongo-connection.class.js": {"path":"C:\\Users\\Orel Balilti\\Documents\\Projects\\Sugoi\\mongoDB\\dist\\classes\\mongo-connection.class.js","statementMap":{"0":{"start":{"line":2,"column":16},"end":{"line":11,"column":4}},"1":{"start":{"line":3,"column":24},"end":{"line":5,"column":82}},"2":{"start":{"line":4,"column":65},"end":{"line":4,"column":81}},"3":{"start":{"line":5,"column":26},"end":{"line":5,"column":80}},"4":{"start":{"line":5,"column":43},"end":{"line":5,"column":80}},"5":{"start":{"line":5,"column":68},"end":{"line":5,"column":80}},"6":{"start":{"line":6,"column":4},"end":{"line":10,"column":6}},"7":{"start":{"line":7,"column":8},"end":{"line":7,"column":28}},"8":{"start":{"line":8,"column":24},"end":{"line":8,"column":45}},"9":{"start":{"line":9,"column":8},"end":{"line":9,"column":93}},"10":{"start":{"line":12,"column":0},"end":{"line":12,"column":62}},"11":{"start":{"line":13,"column":12},"end":{"line":13,"column":33}},"12":{"start":{"line":14,"column":37},"end":{"line":50,"column":19}},"13":{"start":{"line":15,"column":4},"end":{"line":15,"column":39}},"14":{"start":{"line":17,"column":8},"end":{"line":17,"column":46}},"15":{"start":{"line":17,"column":31},"end":{"line":17,"column":44}},"16":{"start":{"line":18,"column":20},"end":{"line":18,"column":65}},"17":{"start":{"line":19,"column":8},"end":{"line":19,"column":32}},"18":{"start":{"line":20,"column":8},"end":{"line":20,"column":21}},"19":{"start":{"line":22,"column":4},"end":{"line":24,"column":6}},"20":{"start":{"line":23,"column":8},"end":{"line":23,"column":37}},"21":{"start":{"line":25,"column":4},"end":{"line":27,"column":6}},"22":{"start":{"line":26,"column":8},"end":{"line":26,"column":30}},"23":{"start":{"line":28,"column":4},"end":{"line":40,"column":6}},"24":{"start":{"line":29,"column":20},"end":{"line":29,"column":24}},"25":{"start":{"line":30,"column":25},"end":{"line":30,"column":45}},"26":{"start":{"line":31,"column":8},"end":{"line":39,"column":9}},"27":{"start":{"line":32,"column":12},"end":{"line":32,"column":41}},"28":{"start":{"line":34,"column":12},"end":{"line":38,"column":15}},"29":{"start":{"line":36,"column":16},"end":{"line":36,"column":56}},"30":{"start":{"line":37,"column":16},"end":{"line":37,"column":40}},"31":{"start":{"line":41,"column":4},"end":{"line":48,"column":6}},"32":{"start":{"line":42,"column":25},"end":{"line":42,"column":37}},"33":{"start":{"line":43,"column":8},"end":{"line":45,"column":9}},"34":{"start":{"line":44,"column":12},"end":{"line":44,"column":64}},"35":{"start":{"line":46,"column":8},"end":{"line":46,"column":54}},"36":{"start":{"line":47,"column":8},"end":{"line":47,"column":26}},"37":{"start":{"line":49,"column":4},"end":{"line":49,"column":27}},"38":{"start":{"line":51,"column":0},"end":{"line":51,"column":42}}},"fnMap":{"0":{"name":"(anonymous_0)","decl":{"start":{"line":2,"column":45},"end":{"line":2,"column":46}},"loc":{"start":{"line":2,"column":57},"end":{"line":11,"column":1}},"line":2},"1":{"name":"(anonymous_1)","decl":{"start":{"line":4,"column":47},"end":{"line":4,"column":48}},"loc":{"start":{"line":4,"column":63},"end":{"line":4,"column":83}},"line":4},"2":{"name":"(anonymous_2)","decl":{"start":{"line":5,"column":8},"end":{"line":5,"column":9}},"loc":{"start":{"line":5,"column":24},"end":{"line":5,"column":82}},"line":5},"3":{"name":"(anonymous_3)","decl":{"start":{"line":6,"column":11},"end":{"line":6,"column":12}},"loc":{"start":{"line":6,"column":27},"end":{"line":10,"column":5}},"line":6},"4":{"name":"__","decl":{"start":{"line":8,"column":17},"end":{"line":8,"column":19}},"loc":{"start":{"line":8,"column":22},"end":{"line":8,"column":47}},"line":8},"5":{"name":"(anonymous_5)","decl":{"start":{"line":14,"column":37},"end":{"line":14,"column":38}},"loc":{"start":{"line":14,"column":55},"end":{"line":50,"column":1}},"line":14},"6":{"name":"MongoConnection","decl":{"start":{"line":16,"column":13},"end":{"line":16,"column":28}},"loc":{"start":{"line":16,"column":49},"end":{"line":21,"column":5}},"line":16},"7":{"name":"(anonymous_7)","decl":{"start":{"line":22,"column":45},"end":{"line":22,"column":46}},"loc":{"start":{"line":22,"column":68},"end":{"line":24,"column":5}},"line":22},"8":{"name":"(anonymous_8)","decl":{"start":{"line":25,"column":51},"end":{"line":25,"column":52}},"loc":{"start":{"line":25,"column":63},"end":{"line":27,"column":5}},"line":25},"9":{"name":"(anonymous_9)","decl":{"start":{"line":28,"column":43},"end":{"line":28,"column":44}},"loc":{"start":{"line":28,"column":55},"end":{"line":40,"column":5}},"line":28},"10":{"name":"(anonymous_10)","decl":{"start":{"line":35,"column":22},"end":{"line":35,"column":23}},"loc":{"start":{"line":35,"column":50},"end":{"line":38,"column":13}},"line":35},"11":{"name":"(anonymous_11)","decl":{"start":{"line":41,"column":52},"end":{"line":41,"column":53}},"loc":{"start":{"line":41,"column":64},"end":{"line":48,"column":5}},"line":41}},"branchMap":{"0":{"loc":{"start":{"line":2,"column":16},"end":{"line":11,"column":4}},"type":"binary-expr","locations":[{"start":{"line":2,"column":17},"end":{"line":2,"column":21}},{"start":{"line":2,"column":25},"end":{"line":2,"column":39}},{"start":{"line":2,"column":44},"end":{"line":11,"column":4}}],"line":2},"1":{"loc":{"start":{"line":3,"column":24},"end":{"line":5,"column":82}},"type":"binary-expr","locations":[{"start":{"line":3,"column":24},"end":{"line":3,"column":45}},{"start":{"line":4,"column":9},"end":{"line":4,"column":43}},{"start":{"line":4,"column":47},"end":{"line":4,"column":83}},{"start":{"line":5,"column":8},"end":{"line":5,"column":82}}],"line":3},"2":{"loc":{"start":{"line":5,"column":43},"end":{"line":5,"column":80}},"type":"if","locations":[{"start":{"line":5,"column":43},"end":{"line":5,"column":80}},{"start":{"line":5,"column":43},"end":{"line":5,"column":80}}],"line":5},"3":{"loc":{"start":{"line":9,"column":22},"end":{"line":9,"column":92}},"type":"cond-expr","locations":[{"start":{"line":9,"column":35},"end":{"line":9,"column":51}},{"start":{"line":9,"column":55},"end":{"line":9,"column":91}}],"line":9},"4":{"loc":{"start":{"line":17,"column":8},"end":{"line":17,"column":46}},"type":"if","locations":[{"start":{"line":17,"column":8},"end":{"line":17,"column":46}},{"start":{"line":17,"column":8},"end":{"line":17,"column":46}}],"line":17},"5":{"loc":{"start":{"line":18,"column":20},"end":{"line":18,"column":65}},"type":"binary-expr","locations":[{"start":{"line":18,"column":20},"end":{"line":18,"column":57}},{"start":{"line":18,"column":61},"end":{"line":18,"column":65}}],"line":18},"6":{"loc":{"start":{"line":31,"column":8},"end":{"line":39,"column":9}},"type":"if","locations":[{"start":{"line":31,"column":8},"end":{"line":39,"column":9}},{"start":{"line":31,"column":8},"end":{"line":39,"column":9}}],"line":31},"7":{"loc":{"start":{"line":31,"column":12},"end":{"line":31,"column":44}},"type":"binary-expr","locations":[{"start":{"line":31,"column":12},"end":{"line":31,"column":23}},{"start":{"line":31,"column":27},"end":{"line":31,"column":44}}],"line":31},"8":{"loc":{"start":{"line":43,"column":8},"end":{"line":45,"column":9}},"type":"if","locations":[{"start":{"line":43,"column":8},"end":{"line":45,"column":9}},{"start":{"line":43,"column":8},"end":{"line":45,"column":9}}],"line":43},"9":{"loc":{"start":{"line":43,"column":12},"end":{"line":43,"column":38}},"type":"binary-expr","locations":[{"start":{"line":43,"column":12},"end":{"line":43,"column":21}},{"start":{"line":43,"column":25},"end":{"line":43,"column":38}}],"line":43}},"s":{"0":1,"1":1,"2":0,"3":0,"4":0,"5":0,"6":1,"7":1,"8":1,"9":1,"10":1,"11":1,"12":1,"13":1,"14":1,"15":1,"16":1,"17":1,"18":1,"19":1,"20":0,"21":1,"22":2,"23":1,"24":0,"25":0,"26":0,"27":0,"28":0,"29":0,"30":0,"31":1,"32":2,"33":2,"34":0,"35":2,"36":2,"37":1,"38":1},"f":{"0":1,"1":0,"2":0,"3":1,"4":1,"5":1,"6":1,"7":0,"8":2,"9":0,"10":0,"11":2},"b":{"0":[1,1,1],"1":[1,0,0,0],"2":[0,0],"3":[0,1],"4":[1,0],"5":[1,1],"6":[0,0],"7":[0,0],"8":[0,2],"9":[2,0]},"_coverageSchema":"332fd63041d2c1bcb487cc26dd0d5f7d97098a6c","hash":"08cab0f4c8b7bcea9168acd1eb6be0c5cb142abf"}
,"C:\\Users\\Orel Balilti\\Documents\\Projects\\Sugoi\\mongoDB\\dist\\classes\\mongo-model.abstract.js": {"path":"C:\\Users\\Orel Balilti\\Documents\\Projects\\Sugoi\\mongoDB\\dist\\classes\\mongo-model.abstract.js","statementMap":{"0":{"start":{"line":2,"column":16},"end":{"line":11,"column":4}},"1":{"start":{"line":3,"column":24},"end":{"line":5,"column":82}},"2":{"start":{"line":4,"column":65},"end":{"line":4,"column":81}},"3":{"start":{"line":5,"column":26},"end":{"line":5,"column":80}},"4":{"start":{"line":5,"column":43},"end":{"line":5,"column":80}},"5":{"start":{"line":5,"column":68},"end":{"line":5,"column":80}},"6":{"start":{"line":6,"column":4},"end":{"line":10,"column":6}},"7":{"start":{"line":7,"column":8},"end":{"line":7,"column":28}},"8":{"start":{"line":8,"column":24},"end":{"line":8,"column":45}},"9":{"start":{"line":9,"column":8},"end":{"line":9,"column":93}},"10":{"start":{"line":12,"column":17},"end":{"line":17,"column":1}},"11":{"start":{"line":13,"column":12},"end":{"line":13,"column":28}},"12":{"start":{"line":13,"column":34},"end":{"line":13,"column":125}},"13":{"start":{"line":14,"column":4},"end":{"line":15,"column":150}},"14":{"start":{"line":14,"column":79},"end":{"line":14,"column":131}},"15":{"start":{"line":15,"column":9},"end":{"line":15,"column":150}},"16":{"start":{"line":15,"column":58},"end":{"line":15,"column":150}},"17":{"start":{"line":15,"column":81},"end":{"line":15,"column":150}},"18":{"start":{"line":16,"column":4},"end":{"line":16,"column":66}},"19":{"start":{"line":18,"column":17},"end":{"line":20,"column":1}},"20":{"start":{"line":19,"column":4},"end":{"line":19,"column":109}},"21":{"start":{"line":19,"column":79},"end":{"line":19,"column":109}},"22":{"start":{"line":21,"column":16},"end":{"line":28,"column":1}},"23":{"start":{"line":22,"column":4},"end":{"line":27,"column":7}},"24":{"start":{"line":23,"column":36},"end":{"line":23,"column":97}},"25":{"start":{"line":23,"column":42},"end":{"line":23,"column":70}},"26":{"start":{"line":23,"column":85},"end":{"line":23,"column":95}},"27":{"start":{"line":24,"column":35},"end":{"line":24,"column":100}},"28":{"start":{"line":24,"column":41},"end":{"line":24,"column":73}},"29":{"start":{"line":24,"column":88},"end":{"line":24,"column":98}},"30":{"start":{"line":25,"column":32},"end":{"line":25,"column":149}},"31":{"start":{"line":25,"column":97},"end":{"line":25,"column":119}},"32":{"start":{"line":26,"column":8},"end":{"line":26,"column":78}},"33":{"start":{"line":29,"column":18},"end":{"line":55,"column":1}},"34":{"start":{"line":30,"column":12},"end":{"line":30,"column":104}},"35":{"start":{"line":30,"column":43},"end":{"line":30,"column":68}},"36":{"start":{"line":30,"column":57},"end":{"line":30,"column":68}},"37":{"start":{"line":30,"column":69},"end":{"line":30,"column":81}},"38":{"start":{"line":31,"column":4},"end":{"line":31,"column":157}},"39":{"start":{"line":31,"column":138},"end":{"line":31,"column":150}},"40":{"start":{"line":32,"column":23},"end":{"line":32,"column":68}},"41":{"start":{"line":32,"column":45},"end":{"line":32,"column":65}},"42":{"start":{"line":34,"column":8},"end":{"line":34,"column":70}},"43":{"start":{"line":34,"column":15},"end":{"line":34,"column":70}},"44":{"start":{"line":35,"column":8},"end":{"line":52,"column":66}},"45":{"start":{"line":35,"column":18},"end":{"line":52,"column":66}},"46":{"start":{"line":36,"column":12},"end":{"line":36,"column":127}},"47":{"start":{"line":36,"column":118},"end":{"line":36,"column":127}},"48":{"start":{"line":37,"column":12},"end":{"line":37,"column":44}},"49":{"start":{"line":37,"column":26},"end":{"line":37,"column":44}},"50":{"start":{"line":38,"column":12},"end":{"line":50,"column":13}},"51":{"start":{"line":39,"column":32},"end":{"line":39,"column":39}},"52":{"start":{"line":39,"column":40},"end":{"line":39,"column":46}},"53":{"start":{"line":40,"column":24},"end":{"line":40,"column":34}},"54":{"start":{"line":40,"column":35},"end":{"line":40,"column":72}},"55":{"start":{"line":41,"column":24},"end":{"line":41,"column":34}},"56":{"start":{"line":41,"column":35},"end":{"line":41,"column":45}},"57":{"start":{"line":41,"column":46},"end":{"line":41,"column":55}},"58":{"start":{"line":41,"column":56},"end":{"line":41,"column":65}},"59":{"start":{"line":42,"column":24},"end":{"line":42,"column":41}},"60":{"start":{"line":42,"column":42},"end":{"line":42,"column":55}},"61":{"start":{"line":42,"column":56},"end":{"line":42,"column":65}},"62":{"start":{"line":44,"column":20},"end":{"line":44,"column":128}},"63":{"start":{"line":44,"column":110},"end":{"line":44,"column":116}},"64":{"start":{"line":44,"column":117},"end":{"line":44,"column":126}},"65":{"start":{"line":45,"column":20},"end":{"line":45,"column":106}},"66":{"start":{"line":45,"column":81},"end":{"line":45,"column":97}},"67":{"start":{"line":45,"column":98},"end":{"line":45,"column":104}},"68":{"start":{"line":46,"column":20},"end":{"line":46,"column":89}},"69":{"start":{"line":46,"column":57},"end":{"line":46,"column":72}},"70":{"start":{"line":46,"column":73},"end":{"line":46,"column":80}},"71":{"start":{"line":46,"column":81},"end":{"line":46,"column":87}},"72":{"start":{"line":47,"column":20},"end":{"line":47,"column":87}},"73":{"start":{"line":47,"column":47},"end":{"line":47,"column":62}},"74":{"start":{"line":47,"column":63},"end":{"line":47,"column":78}},"75":{"start":{"line":47,"column":79},"end":{"line":47,"column":85}},"76":{"start":{"line":48,"column":20},"end":{"line":48,"column":42}},"77":{"start":{"line":48,"column":30},"end":{"line":48,"column":42}},"78":{"start":{"line":49,"column":20},"end":{"line":49,"column":33}},"79":{"start":{"line":49,"column":34},"end":{"line":49,"column":43}},"80":{"start":{"line":51,"column":12},"end":{"line":51,"column":39}},"81":{"start":{"line":52,"column":22},"end":{"line":52,"column":34}},"82":{"start":{"line":52,"column":35},"end":{"line":52,"column":41}},"83":{"start":{"line":52,"column":54},"end":{"line":52,"column":64}},"84":{"start":{"line":53,"column":8},"end":{"line":53,"column":35}},"85":{"start":{"line":53,"column":23},"end":{"line":53,"column":35}},"86":{"start":{"line":53,"column":36},"end":{"line":53,"column":89}},"87":{"start":{"line":56,"column":0},"end":{"line":56,"column":62}},"88":{"start":{"line":57,"column":16},"end":{"line":57,"column":34}},"89":{"start":{"line":58,"column":31},"end":{"line":58,"column":66}},"90":{"start":{"line":59,"column":12},"end":{"line":59,"column":33}},"91":{"start":{"line":60,"column":12},"end":{"line":60,"column":33}},"92":{"start":{"line":61,"column":36},"end":{"line":61,"column":87}},"93":{"start":{"line":62,"column":32},"end":{"line":245,"column":25}},"94":{"start":{"line":63,"column":4},"end":{"line":63,"column":34}},"95":{"start":{"line":65,"column":8},"end":{"line":65,"column":41}},"96":{"start":{"line":67,"column":4},"end":{"line":69,"column":6}},"97":{"start":{"line":68,"column":8},"end":{"line":68,"column":42}},"98":{"start":{"line":70,"column":4},"end":{"line":74,"column":6}},"99":{"start":{"line":71,"column":8},"end":{"line":73,"column":75}},"100":{"start":{"line":72,"column":36},"end":{"line":72,"column":59}},"101":{"start":{"line":73,"column":34},"end":{"line":73,"column":71}},"102":{"start":{"line":75,"column":4},"end":{"line":77,"column":6}},"103":{"start":{"line":76,"column":8},"end":{"line":76,"column":35}},"104":{"start":{"line":78,"column":4},"end":{"line":94,"column":6}},"105":{"start":{"line":79,"column":8},"end":{"line":93,"column":11}},"106":{"start":{"line":81,"column":12},"end":{"line":92,"column":15}},"107":{"start":{"line":82,"column":16},"end":{"line":91,"column":17}},"108":{"start":{"line":84,"column":24},"end":{"line":85,"column":84}},"109":{"start":{"line":85,"column":28},"end":{"line":85,"column":84}},"110":{"start":{"line":86,"column":24},"end":{"line":86,"column":34}},"111":{"start":{"line":87,"column":24},"end":{"line":87,"column":127}},"112":{"start":{"line":89,"column":24},"end":{"line":89,"column":50}},"113":{"start":{"line":90,"column":24},"end":{"line":90,"column":46}},"114":{"start":{"line":95,"column":4},"end":{"line":99,"column":6}},"115":{"start":{"line":96,"column":8},"end":{"line":98,"column":36}},"116":{"start":{"line":100,"column":4},"end":{"line":130,"column":6}},"117":{"start":{"line":101,"column":8},"end":{"line":101,"column":75}},"118":{"start":{"line":101,"column":34},"end":{"line":101,"column":73}},"119":{"start":{"line":102,"column":17},"end":{"line":102,"column":43}},"120":{"start":{"line":103,"column":25},"end":{"line":103,"column":27}},"121":{"start":{"line":104,"column":8},"end":{"line":109,"column":9}},"122":{"start":{"line":105,"column":12},"end":{"line":105,"column":70}},"123":{"start":{"line":107,"column":13},"end":{"line":109,"column":9}},"124":{"start":{"line":108,"column":12},"end":{"line":108,"column":46}},"125":{"start":{"line":110,"column":8},"end":{"line":129,"column":11}},"126":{"start":{"line":112,"column":31},"end":{"line":114,"column":47}},"127":{"start":{"line":115,"column":12},"end":{"line":120,"column":13}},"128":{"start":{"line":116,"column":16},"end":{"line":118,"column":19}},"129":{"start":{"line":117,"column":20},"end":{"line":117,"column":121}},"130":{"start":{"line":119,"column":16},"end":{"line":119,"column":61}},"131":{"start":{"line":121,"column":12},"end":{"line":128,"column":15}},"132":{"start":{"line":124,"column":16},"end":{"line":126,"column":17}},"133":{"start":{"line":125,"column":20},"end":{"line":125,"column":74}},"134":{"start":{"line":127,"column":16},"end":{"line":127,"column":27}},"135":{"start":{"line":131,"column":4},"end":{"line":140,"column":6}},"136":{"start":{"line":132,"column":20},"end":{"line":132,"column":24}},"137":{"start":{"line":133,"column":8},"end":{"line":139,"column":11}},"138":{"start":{"line":135,"column":12},"end":{"line":138,"column":15}},"139":{"start":{"line":137,"column":16},"end":{"line":137,"column":36}},"140":{"start":{"line":141,"column":4},"end":{"line":159,"column":6}},"141":{"start":{"line":142,"column":20},"end":{"line":142,"column":24}},"142":{"start":{"line":143,"column":8},"end":{"line":143,"column":63}},"143":{"start":{"line":143,"column":34},"end":{"line":143,"column":61}},"144":{"start":{"line":144,"column":8},"end":{"line":158,"column":11}},"145":{"start":{"line":147,"column":33},"end":{"line":147,"column":50}},"146":{"start":{"line":148,"column":29},"end":{"line":148,"column":55}},"147":{"start":{"line":149,"column":12},"end":{"line":149,"column":46}},"148":{"start":{"line":150,"column":25},"end":{"line":150,"column":96}},"149":{"start":{"line":151,"column":12},"end":{"line":151,"column":100}},"150":{"start":{"line":153,"column":12},"end":{"line":153,"column":31}},"151":{"start":{"line":154,"column":12},"end":{"line":157,"column":73}},"152":{"start":{"line":155,"column":16},"end":{"line":155,"column":27}},"153":{"start":{"line":157,"column":16},"end":{"line":157,"column":73}},"154":{"start":{"line":160,"column":4},"end":{"line":180,"column":6}},"155":{"start":{"line":161,"column":20},"end":{"line":161,"column":24}},"156":{"start":{"line":162,"column":17},"end":{"line":162,"column":43}},"157":{"start":{"line":163,"column":8},"end":{"line":168,"column":9}},"158":{"start":{"line":164,"column":12},"end":{"line":164,"column":70}},"159":{"start":{"line":166,"column":13},"end":{"line":168,"column":9}},"160":{"start":{"line":167,"column":12},"end":{"line":167,"column":46}},"161":{"start":{"line":169,"column":8},"end":{"line":179,"column":11}},"162":{"start":{"line":170,"column":12},"end":{"line":172,"column":62}},"163":{"start":{"line":174,"column":12},"end":{"line":174,"column":31}},"164":{"start":{"line":175,"column":12},"end":{"line":178,"column":73}},"165":{"start":{"line":176,"column":16},"end":{"line":176,"column":27}},"166":{"start":{"line":178,"column":16},"end":{"line":178,"column":73}},"167":{"start":{"line":181,"column":4},"end":{"line":191,"column":6}},"168":{"start":{"line":182,"column":20},"end":{"line":182,"column":24}},"169":{"start":{"line":183,"column":26},"end":{"line":183,"column":28}},"170":{"start":{"line":184,"column":8},"end":{"line":189,"column":11}},"171":{"start":{"line":185,"column":12},"end":{"line":188,"column":13}},"172":{"start":{"line":187,"column":16},"end":{"line":187,"column":46}},"173":{"start":{"line":190,"column":8},"end":{"line":190,"column":27}},"174":{"start":{"line":192,"column":4},"end":{"line":198,"column":6}},"175":{"start":{"line":193,"column":19},"end":{"line":193,"column":42}},"176":{"start":{"line":194,"column":8},"end":{"line":194,"column":57}},"177":{"start":{"line":195,"column":8},"end":{"line":195,"column":34}},"178":{"start":{"line":196,"column":8},"end":{"line":196,"column":27}},"179":{"start":{"line":197,"column":8},"end":{"line":197,"column":20}},"180":{"start":{"line":199,"column":4},"end":{"line":207,"column":6}},"181":{"start":{"line":200,"column":8},"end":{"line":206,"column":11}},"182":{"start":{"line":201,"column":12},"end":{"line":205,"column":15}},"183":{"start":{"line":202,"column":16},"end":{"line":202,"column":42}},"184":{"start":{"line":203,"column":16},"end":{"line":203,"column":33}},"185":{"start":{"line":204,"column":16},"end":{"line":204,"column":87}},"186":{"start":{"line":208,"column":4},"end":{"line":212,"column":6}},"187":{"start":{"line":209,"column":8},"end":{"line":210,"column":43}},"188":{"start":{"line":210,"column":12},"end":{"line":210,"column":43}},"189":{"start":{"line":211,"column":8},"end":{"line":211,"column":55}},"190":{"start":{"line":213,"column":4},"end":{"line":235,"column":6}},"191":{"start":{"line":214,"column":20},"end":{"line":214,"column":24}},"192":{"start":{"line":215,"column":31},"end":{"line":217,"column":9}},"193":{"start":{"line":218,"column":8},"end":{"line":223,"column":9}},"194":{"start":{"line":219,"column":12},"end":{"line":222,"column":14}},"195":{"start":{"line":224,"column":8},"end":{"line":226,"column":9}},"196":{"start":{"line":225,"column":12},"end":{"line":225,"column":55}},"197":{"start":{"line":227,"column":8},"end":{"line":234,"column":11}},"198":{"start":{"line":229,"column":12},"end":{"line":229,"column":100}},"199":{"start":{"line":229,"column":45},"end":{"line":229,"column":96}},"200":{"start":{"line":230,"column":12},"end":{"line":233,"column":14}},"201":{"start":{"line":236,"column":4},"end":{"line":238,"column":6}},"202":{"start":{"line":237,"column":8},"end":{"line":237,"column":120}},"203":{"start":{"line":239,"column":4},"end":{"line":239,"column":73}},"204":{"start":{"line":240,"column":4},"end":{"line":243,"column":44}},"205":{"start":{"line":244,"column":4},"end":{"line":244,"column":22}},"206":{"start":{"line":246,"column":0},"end":{"line":246,"column":32}}},"fnMap":{"0":{"name":"(anonymous_0)","decl":{"start":{"line":2,"column":45},"end":{"line":2,"column":46}},"loc":{"start":{"line":2,"column":57},"end":{"line":11,"column":1}},"line":2},"1":{"name":"(anonymous_1)","decl":{"start":{"line":4,"column":47},"end":{"line":4,"column":48}},"loc":{"start":{"line":4,"column":63},"end":{"line":4,"column":83}},"line":4},"2":{"name":"(anonymous_2)","decl":{"start":{"line":5,"column":8},"end":{"line":5,"column":9}},"loc":{"start":{"line":5,"column":24},"end":{"line":5,"column":82}},"line":5},"3":{"name":"(anonymous_3)","decl":{"start":{"line":6,"column":11},"end":{"line":6,"column":12}},"loc":{"start":{"line":6,"column":27},"end":{"line":10,"column":5}},"line":6},"4":{"name":"__","decl":{"start":{"line":8,"column":17},"end":{"line":8,"column":19}},"loc":{"start":{"line":8,"column":22},"end":{"line":8,"column":47}},"line":8},"5":{"name":"(anonymous_5)","decl":{"start":{"line":12,"column":46},"end":{"line":12,"column":47}},"loc":{"start":{"line":12,"column":87},"end":{"line":17,"column":1}},"line":12},"6":{"name":"(anonymous_6)","decl":{"start":{"line":18,"column":46},"end":{"line":18,"column":47}},"loc":{"start":{"line":18,"column":62},"end":{"line":20,"column":1}},"line":18},"7":{"name":"(anonymous_7)","decl":{"start":{"line":21,"column":44},"end":{"line":21,"column":45}},"loc":{"start":{"line":21,"column":89},"end":{"line":28,"column":1}},"line":21},"8":{"name":"(anonymous_8)","decl":{"start":{"line":22,"column":36},"end":{"line":22,"column":37}},"loc":{"start":{"line":22,"column":63},"end":{"line":27,"column":5}},"line":22},"9":{"name":"fulfilled","decl":{"start":{"line":23,"column":17},"end":{"line":23,"column":26}},"loc":{"start":{"line":23,"column":34},"end":{"line":23,"column":99}},"line":23},"10":{"name":"rejected","decl":{"start":{"line":24,"column":17},"end":{"line":24,"column":25}},"loc":{"start":{"line":24,"column":33},"end":{"line":24,"column":102}},"line":24},"11":{"name":"step","decl":{"start":{"line":25,"column":17},"end":{"line":25,"column":21}},"loc":{"start":{"line":25,"column":30},"end":{"line":25,"column":151}},"line":25},"12":{"name":"(anonymous_12)","decl":{"start":{"line":25,"column":76},"end":{"line":25,"column":77}},"loc":{"start":{"line":25,"column":95},"end":{"line":25,"column":121}},"line":25},"13":{"name":"(anonymous_13)","decl":{"start":{"line":29,"column":48},"end":{"line":29,"column":49}},"loc":{"start":{"line":29,"column":73},"end":{"line":55,"column":1}},"line":29},"14":{"name":"(anonymous_14)","decl":{"start":{"line":30,"column":30},"end":{"line":30,"column":31}},"loc":{"start":{"line":30,"column":41},"end":{"line":30,"column":83}},"line":30},"15":{"name":"(anonymous_15)","decl":{"start":{"line":31,"column":125},"end":{"line":31,"column":126}},"loc":{"start":{"line":31,"column":136},"end":{"line":31,"column":152}},"line":31},"16":{"name":"verb","decl":{"start":{"line":32,"column":13},"end":{"line":32,"column":17}},"loc":{"start":{"line":32,"column":21},"end":{"line":32,"column":70}},"line":32},"17":{"name":"(anonymous_17)","decl":{"start":{"line":32,"column":30},"end":{"line":32,"column":31}},"loc":{"start":{"line":32,"column":43},"end":{"line":32,"column":67}},"line":32},"18":{"name":"step","decl":{"start":{"line":33,"column":13},"end":{"line":33,"column":17}},"loc":{"start":{"line":33,"column":22},"end":{"line":54,"column":5}},"line":33},"19":{"name":"(anonymous_19)","decl":{"start":{"line":62,"column":32},"end":{"line":62,"column":33}},"loc":{"start":{"line":62,"column":50},"end":{"line":245,"column":1}},"line":62},"20":{"name":"MongoModel","decl":{"start":{"line":64,"column":13},"end":{"line":64,"column":23}},"loc":{"start":{"line":64,"column":26},"end":{"line":66,"column":5}},"line":64},"21":{"name":"(anonymous_21)","decl":{"start":{"line":67,"column":29},"end":{"line":67,"column":30}},"loc":{"start":{"line":67,"column":43},"end":{"line":69,"column":5}},"line":67},"22":{"name":"(anonymous_22)","decl":{"start":{"line":70,"column":31},"end":{"line":70,"column":32}},"loc":{"start":{"line":70,"column":73},"end":{"line":74,"column":5}},"line":70},"23":{"name":"(anonymous_23)","decl":{"start":{"line":72,"column":18},"end":{"line":72,"column":19}},"loc":{"start":{"line":72,"column":34},"end":{"line":72,"column":61}},"line":72},"24":{"name":"(anonymous_24)","decl":{"start":{"line":73,"column":18},"end":{"line":73,"column":19}},"loc":{"start":{"line":73,"column":32},"end":{"line":73,"column":73}},"line":73},"25":{"name":"(anonymous_25)","decl":{"start":{"line":75,"column":38},"end":{"line":75,"column":39}},"loc":{"start":{"line":75,"column":50},"end":{"line":77,"column":5}},"line":75},"26":{"name":"(anonymous_26)","decl":{"start":{"line":78,"column":31},"end":{"line":78,"column":32}},"loc":{"start":{"line":78,"column":43},"end":{"line":94,"column":5}},"line":78},"27":{"name":"(anonymous_27)","decl":{"start":{"line":79,"column":47},"end":{"line":79,"column":48}},"loc":{"start":{"line":79,"column":59},"end":{"line":93,"column":9}},"line":79},"28":{"name":"(anonymous_28)","decl":{"start":{"line":81,"column":37},"end":{"line":81,"column":38}},"loc":{"start":{"line":81,"column":51},"end":{"line":92,"column":13}},"line":81},"29":{"name":"(anonymous_29)","decl":{"start":{"line":95,"column":28},"end":{"line":95,"column":29}},"loc":{"start":{"line":95,"column":54},"end":{"line":99,"column":5}},"line":95},"30":{"name":"(anonymous_30)","decl":{"start":{"line":100,"column":29},"end":{"line":100,"column":30}},"loc":{"start":{"line":100,"column":55},"end":{"line":130,"column":5}},"line":100},"31":{"name":"(anonymous_31)","decl":{"start":{"line":111,"column":18},"end":{"line":111,"column":19}},"loc":{"start":{"line":111,"column":40},"end":{"line":129,"column":9}},"line":111},"32":{"name":"(anonymous_32)","decl":{"start":{"line":116,"column":48},"end":{"line":116,"column":49}},"loc":{"start":{"line":116,"column":70},"end":{"line":118,"column":17}},"line":116},"33":{"name":"(anonymous_33)","decl":{"start":{"line":123,"column":22},"end":{"line":123,"column":23}},"loc":{"start":{"line":123,"column":37},"end":{"line":128,"column":13}},"line":123},"34":{"name":"(anonymous_34)","decl":{"start":{"line":131,"column":39},"end":{"line":131,"column":40}},"loc":{"start":{"line":131,"column":58},"end":{"line":140,"column":5}},"line":131},"35":{"name":"(anonymous_35)","decl":{"start":{"line":134,"column":18},"end":{"line":134,"column":19}},"loc":{"start":{"line":134,"column":30},"end":{"line":139,"column":9}},"line":134},"36":{"name":"(anonymous_36)","decl":{"start":{"line":136,"column":22},"end":{"line":136,"column":23}},"loc":{"start":{"line":136,"column":39},"end":{"line":138,"column":13}},"line":136},"37":{"name":"(anonymous_37)","decl":{"start":{"line":141,"column":41},"end":{"line":141,"column":42}},"loc":{"start":{"line":141,"column":60},"end":{"line":159,"column":5}},"line":141},"38":{"name":"(anonymous_38)","decl":{"start":{"line":145,"column":18},"end":{"line":145,"column":19}},"loc":{"start":{"line":145,"column":30},"end":{"line":152,"column":9}},"line":145},"39":{"name":"(anonymous_39)","decl":{"start":{"line":152,"column":16},"end":{"line":152,"column":17}},"loc":{"start":{"line":152,"column":31},"end":{"line":158,"column":9}},"line":152},"40":{"name":"(anonymous_40)","decl":{"start":{"line":160,"column":31},"end":{"line":160,"column":32}},"loc":{"start":{"line":160,"column":57},"end":{"line":180,"column":5}},"line":160},"41":{"name":"(anonymous_41)","decl":{"start":{"line":169,"column":41},"end":{"line":169,"column":42}},"loc":{"start":{"line":169,"column":53},"end":{"line":173,"column":9}},"line":169},"42":{"name":"(anonymous_42)","decl":{"start":{"line":173,"column":16},"end":{"line":173,"column":17}},"loc":{"start":{"line":173,"column":31},"end":{"line":179,"column":9}},"line":173},"43":{"name":"(anonymous_43)","decl":{"start":{"line":181,"column":37},"end":{"line":181,"column":38}},"loc":{"start":{"line":181,"column":49},"end":{"line":191,"column":5}},"line":181},"44":{"name":"(anonymous_44)","decl":{"start":{"line":184,"column":34},"end":{"line":184,"column":35}},"loc":{"start":{"line":184,"column":49},"end":{"line":189,"column":9}},"line":184},"45":{"name":"(anonymous_45)","decl":{"start":{"line":192,"column":34},"end":{"line":192,"column":35}},"loc":{"start":{"line":192,"column":46},"end":{"line":198,"column":5}},"line":192},"46":{"name":"(anonymous_46)","decl":{"start":{"line":199,"column":28},"end":{"line":199,"column":29}},"loc":{"start":{"line":199,"column":57},"end":{"line":207,"column":5}},"line":199},"47":{"name":"(anonymous_47)","decl":{"start":{"line":200,"column":47},"end":{"line":200,"column":48}},"loc":{"start":{"line":200,"column":59},"end":{"line":206,"column":9}},"line":200},"48":{"name":"(anonymous_48)","decl":{"start":{"line":201,"column":37},"end":{"line":201,"column":38}},"loc":{"start":{"line":201,"column":51},"end":{"line":205,"column":13}},"line":201},"49":{"name":"(anonymous_49)","decl":{"start":{"line":208,"column":23},"end":{"line":208,"column":24}},"loc":{"start":{"line":208,"column":49},"end":{"line":212,"column":5}},"line":208},"50":{"name":"(anonymous_50)","decl":{"start":{"line":213,"column":32},"end":{"line":213,"column":33}},"loc":{"start":{"line":213,"column":54},"end":{"line":235,"column":5}},"line":213},"51":{"name":"(anonymous_51)","decl":{"start":{"line":228,"column":18},"end":{"line":228,"column":19}},"loc":{"start":{"line":228,"column":36},"end":{"line":234,"column":9}},"line":228},"52":{"name":"(anonymous_52)","decl":{"start":{"line":229,"column":31},"end":{"line":229,"column":32}},"loc":{"start":{"line":229,"column":43},"end":{"line":229,"column":98}},"line":229},"53":{"name":"(anonymous_53)","decl":{"start":{"line":236,"column":28},"end":{"line":236,"column":29}},"loc":{"start":{"line":236,"column":42},"end":{"line":238,"column":5}},"line":236}},"branchMap":{"0":{"loc":{"start":{"line":2,"column":16},"end":{"line":11,"column":4}},"type":"binary-expr","locations":[{"start":{"line":2,"column":17},"end":{"line":2,"column":21}},{"start":{"line":2,"column":25},"end":{"line":2,"column":39}},{"start":{"line":2,"column":44},"end":{"line":11,"column":4}}],"line":2},"1":{"loc":{"start":{"line":3,"column":24},"end":{"line":5,"column":82}},"type":"binary-expr","locations":[{"start":{"line":3,"column":24},"end":{"line":3,"column":45}},{"start":{"line":4,"column":9},"end":{"line":4,"column":43}},{"start":{"line":4,"column":47},"end":{"line":4,"column":83}},{"start":{"line":5,"column":8},"end":{"line":5,"column":82}}],"line":3},"2":{"loc":{"start":{"line":5,"column":43},"end":{"line":5,"column":80}},"type":"if","locations":[{"start":{"line":5,"column":43},"end":{"line":5,"column":80}},{"start":{"line":5,"column":43},"end":{"line":5,"column":80}}],"line":5},"3":{"loc":{"start":{"line":9,"column":22},"end":{"line":9,"column":92}},"type":"cond-expr","locations":[{"start":{"line":9,"column":35},"end":{"line":9,"column":51}},{"start":{"line":9,"column":55},"end":{"line":9,"column":91}}],"line":9},"4":{"loc":{"start":{"line":12,"column":17},"end":{"line":17,"column":1}},"type":"binary-expr","locations":[{"start":{"line":12,"column":18},"end":{"line":12,"column":22}},{"start":{"line":12,"column":26},"end":{"line":12,"column":41}},{"start":{"line":12,"column":46},"end":{"line":17,"column":1}}],"line":12},"5":{"loc":{"start":{"line":13,"column":34},"end":{"line":13,"column":125}},"type":"cond-expr","locations":[{"start":{"line":13,"column":42},"end":{"line":13,"column":48}},{"start":{"line":13,"column":51},"end":{"line":13,"column":125}}],"line":13},"6":{"loc":{"start":{"line":13,"column":51},"end":{"line":13,"column":125}},"type":"cond-expr","locations":[{"start":{"line":13,"column":67},"end":{"line":13,"column":118}},{"start":{"line":13,"column":121},"end":{"line":13,"column":125}}],"line":13},"7":{"loc":{"start":{"line":14,"column":4},"end":{"line":15,"column":150}},"type":"if","locations":[{"start":{"line":14,"column":4},"end":{"line":15,"column":150}},{"start":{"line":14,"column":4},"end":{"line":15,"column":150}}],"line":14},"8":{"loc":{"start":{"line":14,"column":8},"end":{"line":14,"column":77}},"type":"binary-expr","locations":[{"start":{"line":14,"column":8},"end":{"line":14,"column":35}},{"start":{"line":14,"column":39},"end":{"line":14,"column":77}}],"line":14},"9":{"loc":{"start":{"line":15,"column":58},"end":{"line":15,"column":150}},"type":"if","locations":[{"start":{"line":15,"column":58},"end":{"line":15,"column":150}},{"start":{"line":15,"column":58},"end":{"line":15,"column":150}}],"line":15},"10":{"loc":{"start":{"line":15,"column":85},"end":{"line":15,"column":149}},"type":"binary-expr","locations":[{"start":{"line":15,"column":86},"end":{"line":15,"column":143}},{"start":{"line":15,"column":148},"end":{"line":15,"column":149}}],"line":15},"11":{"loc":{"start":{"line":15,"column":86},"end":{"line":15,"column":143}},"type":"cond-expr","locations":[{"start":{"line":15,"column":94},"end":{"line":15,"column":98}},{"start":{"line":15,"column":101},"end":{"line":15,"column":143}}],"line":15},"12":{"loc":{"start":{"line":15,"column":101},"end":{"line":15,"column":143}},"type":"cond-expr","locations":[{"start":{"line":15,"column":109},"end":{"line":15,"column":126}},{"start":{"line":15,"column":129},"end":{"line":15,"column":143}}],"line":15},"13":{"loc":{"start":{"line":16,"column":11},"end":{"line":16,"column":62}},"type":"binary-expr","locations":[{"start":{"line":16,"column":11},"end":{"line":16,"column":16}},{"start":{"line":16,"column":20},"end":{"line":16,"column":21}},{"start":{"line":16,"column":25},"end":{"line":16,"column":62}}],"line":16},"14":{"loc":{"start":{"line":18,"column":17},"end":{"line":20,"column":1}},"type":"binary-expr","locations":[{"start":{"line":18,"column":18},"end":{"line":18,"column":22}},{"start":{"line":18,"column":26},"end":{"line":18,"column":41}},{"start":{"line":18,"column":46},"end":{"line":20,"column":1}}],"line":18},"15":{"loc":{"start":{"line":19,"column":4},"end":{"line":19,"column":109}},"type":"if","locations":[{"start":{"line":19,"column":4},"end":{"line":19,"column":109}},{"start":{"line":19,"column":4},"end":{"line":19,"column":109}}],"line":19},"16":{"loc":{"start":{"line":19,"column":8},"end":{"line":19,"column":77}},"type":"binary-expr","locations":[{"start":{"line":19,"column":8},"end":{"line":19,"column":35}},{"start":{"line":19,"column":39},"end":{"line":19,"column":77}}],"line":19},"17":{"loc":{"start":{"line":21,"column":16},"end":{"line":28,"column":1}},"type":"binary-expr","locations":[{"start":{"line":21,"column":17},"end":{"line":21,"column":21}},{"start":{"line":21,"column":25},"end":{"line":21,"column":39}},{"start":{"line":21,"column":44},"end":{"line":28,"column":1}}],"line":21},"18":{"loc":{"start":{"line":22,"column":16},"end":{"line":22,"column":34}},"type":"binary-expr","locations":[{"start":{"line":22,"column":16},"end":{"line":22,"column":17}},{"start":{"line":22,"column":22},"end":{"line":22,"column":33}}],"line":22},"19":{"loc":{"start":{"line":25,"column":32},"end":{"line":25,"column":148}},"type":"cond-expr","locations":[{"start":{"line":25,"column":46},"end":{"line":25,"column":67}},{"start":{"line":25,"column":70},"end":{"line":25,"column":148}}],"line":25},"20":{"loc":{"start":{"line":26,"column":51},"end":{"line":26,"column":67}},"type":"binary-expr","locations":[{"start":{"line":26,"column":51},"end":{"line":26,"column":61}},{"start":{"line":26,"column":65},"end":{"line":26,"column":67}}],"line":26},"21":{"loc":{"start":{"line":29,"column":18},"end":{"line":55,"column":1}},"type":"binary-expr","locations":[{"start":{"line":29,"column":19},"end":{"line":29,"column":23}},{"start":{"line":29,"column":27},"end":{"line":29,"column":43}},{"start":{"line":29,"column":48},"end":{"line":55,"column":1}}],"line":29},"22":{"loc":{"start":{"line":30,"column":43},"end":{"line":30,"column":68}},"type":"if","locations":[{"start":{"line":30,"column":43},"end":{"line":30,"column":68}},{"start":{"line":30,"column":43},"end":{"line":30,"column":68}}],"line":30},"23":{"loc":{"start":{"line":31,"column":71},"end":{"line":31,"column":153}},"type":"binary-expr","locations":[{"start":{"line":31,"column":71},"end":{"line":31,"column":99}},{"start":{"line":31,"column":104},"end":{"line":31,"column":152}}],"line":31},"24":{"loc":{"start":{"line":34,"column":8},"end":{"line":34,"column":70}},"type":"if","locations":[{"start":{"line":34,"column":8},"end":{"line":34,"column":70}},{"start":{"line":34,"column":8},"end":{"line":34,"column":70}}],"line":34},"25":{"loc":{"start":{"line":36,"column":12},"end":{"line":36,"column":127}},"type":"if","locations":[{"start":{"line":36,"column":12},"end":{"line":36,"column":127}},{"start":{"line":36,"column":12},"end":{"line":36,"column":127}}],"line":36},"26":{"loc":{"start":{"line":36,"column":23},"end":{"line":36,"column":116}},"type":"binary-expr","locations":[{"start":{"line":36,"column":23},"end":{"line":36,"column":24}},{"start":{"line":36,"column":29},"end":{"line":36,"column":83}},{"start":{"line":36,"column":88},"end":{"line":36,"column":116}}],"line":36},"27":{"loc":{"start":{"line":36,"column":35},"end":{"line":36,"column":82}},"type":"cond-expr","locations":[{"start":{"line":36,"column":47},"end":{"line":36,"column":55}},{"start":{"line":36,"column":58},"end":{"line":36,"column":82}}],"line":36},"28":{"loc":{"start":{"line":36,"column":58},"end":{"line":36,"column":82}},"type":"cond-expr","locations":[{"start":{"line":36,"column":66},"end":{"line":36,"column":73}},{"start":{"line":36,"column":76},"end":{"line":36,"column":82}}],"line":36},"29":{"loc":{"start":{"line":37,"column":12},"end":{"line":37,"column":44}},"type":"if","locations":[{"start":{"line":37,"column":12},"end":{"line":37,"column":44}},{"start":{"line":37,"column":12},"end":{"line":37,"column":44}}],"line":37},"30":{"loc":{"start":{"line":38,"column":12},"end":{"line":50,"column":13}},"type":"switch","locations":[{"start":{"line":39,"column":16},"end":{"line":39,"column":23}},{"start":{"line":39,"column":24},"end":{"line":39,"column":46}},{"start":{"line":40,"column":16},"end":{"line":40,"column":72}},{"start":{"line":41,"column":16},"end":{"line":41,"column":65}},{"start":{"line":42,"column":16},"end":{"line":42,"column":65}},{"start":{"line":43,"column":16},"end":{"line":49,"column":43}}],"line":38},"31":{"loc":{"start":{"line":44,"column":20},"end":{"line":44,"column":128}},"type":"if","locations":[{"start":{"line":44,"column":20},"end":{"line":44,"column":128}},{"start":{"line":44,"column":20},"end":{"line":44,"column":128}}],"line":44},"32":{"loc":{"start":{"line":44,"column":24},"end":{"line":44,"column":106}},"type":"binary-expr","locations":[{"start":{"line":44,"column":24},"end":{"line":44,"column":74}},{"start":{"line":44,"column":79},"end":{"line":44,"column":90}},{"start":{"line":44,"column":94},"end":{"line":44,"column":105}}],"line":44},"33":{"loc":{"start":{"line":44,"column":42},"end":{"line":44,"column":73}},"type":"binary-expr","locations":[{"start":{"line":44,"column":42},"end":{"line":44,"column":54}},{"start":{"line":44,"column":58},"end":{"line":44,"column":73}}],"line":44},"34":{"loc":{"start":{"line":45,"column":20},"end":{"line":45,"column":106}},"type":"if","locations":[{"start":{"line":45,"column":20},"end":{"line":45,"column":106}},{"start":{"line":45,"column":20},"end":{"line":45,"column":106}}],"line":45},"35":{"loc":{"start":{"line":45,"column":24},"end":{"line":45,"column":77}},"type":"binary-expr","locations":[{"start":{"line":45,"column":24},"end":{"line":45,"column":35}},{"start":{"line":45,"column":40},"end":{"line":45,"column":42}},{"start":{"line":45,"column":47},"end":{"line":45,"column":59}},{"start":{"line":45,"column":63},"end":{"line":45,"column":75}}],"line":45},"36":{"loc":{"start":{"line":46,"column":20},"end":{"line":46,"column":89}},"type":"if","locations":[{"start":{"line":46,"column":20},"end":{"line":46,"column":89}},{"start":{"line":46,"column":20},"end":{"line":46,"column":89}}],"line":46},"37":{"loc":{"start":{"line":46,"column":24},"end":{"line":46,"column":53}},"type":"binary-expr","locations":[{"start":{"line":46,"column":24},"end":{"line":46,"column":35}},{"start":{"line":46,"column":39},"end":{"line":46,"column":53}}],"line":46},"38":{"loc":{"start":{"line":47,"column":20},"end":{"line":47,"column":87}},"type":"if","locations":[{"start":{"line":47,"column":20},"end":{"line":47,"column":87}},{"start":{"line":47,"column":20},"end":{"line":47,"column":87}}],"line":47},"39":{"loc":{"start":{"line":47,"column":24},"end":{"line":47,"column":43}},"type":"binary-expr","locations":[{"start":{"line":47,"column":24},"end":{"line":47,"column":25}},{"start":{"line":47,"column":29},"end":{"line":47,"column":43}}],"line":47},"40":{"loc":{"start":{"line":48,"column":20},"end":{"line":48,"column":42}},"type":"if","locations":[{"start":{"line":48,"column":20},"end":{"line":48,"column":42}},{"start":{"line":48,"column":20},"end":{"line":48,"column":42}}],"line":48},"41":{"loc":{"start":{"line":53,"column":8},"end":{"line":53,"column":35}},"type":"if","locations":[{"start":{"line":53,"column":8},"end":{"line":53,"column":35}},{"start":{"line":53,"column":8},"end":{"line":53,"column":35}}],"line":53},"42":{"loc":{"start":{"line":53,"column":52},"end":{"line":53,"column":74}},"type":"cond-expr","locations":[{"start":{"line":53,"column":60},"end":{"line":53,"column":65}},{"start":{"line":53,"column":68},"end":{"line":53,"column":74}}],"line":53},"43":{"loc":{"start":{"line":65,"column":15},"end":{"line":65,"column":40}},"type":"binary-expr","locations":[{"start":{"line":65,"column":15},"end":{"line":65,"column":32}},{"start":{"line":65,"column":36},"end":{"line":65,"column":40}}],"line":65},"44":{"loc":{"start":{"line":82,"column":16},"end":{"line":91,"column":17}},"type":"switch","locations":[{"start":{"line":83,"column":20},"end":{"line":87,"column":127}},{"start":{"line":88,"column":20},"end":{"line":90,"column":46}}],"line":82},"45":{"loc":{"start":{"line":84,"column":24},"end":{"line":85,"column":84}},"type":"if","locations":[{"start":{"line":84,"column":24},"end":{"line":85,"column":84}},{"start":{"line":84,"column":24},"end":{"line":85,"column":84}}],"line":84},"46":{"loc":{"start":{"line":96,"column":15},"end":{"line":98,"column":35}},"type":"cond-expr","locations":[{"start":{"line":97,"column":14},"end":{"line":97,"column":63}},{"start":{"line":98,"column":14},"end":{"line":98,"column":35}}],"line":96},"47":{"loc":{"start":{"line":101,"column":8},"end":{"line":101,"column":75}},"type":"if","locations":[{"start":{"line":101,"column":8},"end":{"line":101,"column":75}},{"start":{"line":101,"column":8},"end":{"line":101,"column":75}}],"line":101},"48":{"loc":{"start":{"line":104,"column":8},"end":{"line":109,"column":9}},"type":"if","locations":[{"start":{"line":104,"column":8},"end":{"line":109,"column":9}},{"start":{"line":104,"column":8},"end":{"line":109,"column":9}}],"line":104},"49":{"loc":{"start":{"line":107,"column":13},"end":{"line":109,"column":9}},"type":"if","locations":[{"start":{"line":107,"column":13},"end":{"line":109,"column":9}},{"start":{"line":107,"column":13},"end":{"line":109,"column":9}}],"line":107},"50":{"loc":{"start":{"line":113,"column":23},"end":{"line":113,"column":46}},"type":"binary-expr","locations":[{"start":{"line":113,"column":23},"end":{"line":113,"column":41}},{"start":{"line":113,"column":45},"end":{"line":113,"column":46}}],"line":113},"51":{"loc":{"start":{"line":114,"column":22},"end":{"line":114,"column":46}},"type":"binary-expr","locations":[{"start":{"line":114,"column":22},"end":{"line":114,"column":41}},{"start":{"line":114,"column":45},"end":{"line":114,"column":46}}],"line":114},"52":{"loc":{"start":{"line":115,"column":12},"end":{"line":120,"column":13}},"type":"if","locations":[{"start":{"line":115,"column":12},"end":{"line":120,"column":13}},{"start":{"line":115,"column":12},"end":{"line":120,"column":13}}],"line":115},"53":{"loc":{"start":{"line":115,"column":16},"end":{"line":115,"column":77}},"type":"binary-expr","locations":[{"start":{"line":115,"column":16},"end":{"line":115,"column":39}},{"start":{"line":115,"column":43},"end":{"line":115,"column":77}}],"line":115},"54":{"loc":{"start":{"line":124,"column":16},"end":{"line":126,"column":17}},"type":"if","locations":[{"start":{"line":124,"column":16},"end":{"line":126,"column":17}},{"start":{"line":124,"column":16},"end":{"line":126,"column":17}}],"line":124},"55":{"loc":{"start":{"line":143,"column":8},"end":{"line":143,"column":63}},"type":"if","locations":[{"start":{"line":143,"column":8},"end":{"line":143,"column":63}},{"start":{"line":143,"column":8},"end":{"line":143,"column":63}}],"line":143},"56":{"loc":{"start":{"line":154,"column":12},"end":{"line":157,"column":73}},"type":"if","locations":[{"start":{"line":154,"column":12},"end":{"line":157,"column":73}},{"start":{"line":154,"column":12},"end":{"line":157,"column":73}}],"line":154},"57":{"loc":{"start":{"line":154,"column":16},"end":{"line":154,"column":39}},"type":"binary-expr","locations":[{"start":{"line":154,"column":16},"end":{"line":154,"column":22}},{"start":{"line":154,"column":26},"end":{"line":154,"column":39}}],"line":154},"58":{"loc":{"start":{"line":163,"column":8},"end":{"line":168,"column":9}},"type":"if","locations":[{"start":{"line":163,"column":8},"end":{"line":168,"column":9}},{"start":{"line":163,"column":8},"end":{"line":168,"column":9}}],"line":163},"59":{"loc":{"start":{"line":166,"column":13},"end":{"line":168,"column":9}},"type":"if","locations":[{"start":{"line":166,"column":13},"end":{"line":168,"column":9}},{"start":{"line":166,"column":13},"end":{"line":168,"column":9}}],"line":166},"60":{"loc":{"start":{"line":170,"column":19},"end":{"line":172,"column":61}},"type":"cond-expr","locations":[{"start":{"line":171,"column":18},"end":{"line":171,"column":60}},{"start":{"line":172,"column":18},"end":{"line":172,"column":61}}],"line":170},"61":{"loc":{"start":{"line":170,"column":19},"end":{"line":170,"column":48}},"type":"binary-expr","locations":[{"start":{"line":170,"column":19},"end":{"line":170,"column":26}},{"start":{"line":170,"column":30},"end":{"line":170,"column":48}}],"line":170},"62":{"loc":{"start":{"line":175,"column":12},"end":{"line":178,"column":73}},"type":"if","locations":[{"start":{"line":175,"column":12},"end":{"line":178,"column":73}},{"start":{"line":175,"column":12},"end":{"line":178,"column":73}}],"line":175},"63":{"loc":{"start":{"line":175,"column":16},"end":{"line":175,"column":31}},"type":"binary-expr","locations":[{"start":{"line":175,"column":16},"end":{"line":175,"column":22}},{"start":{"line":175,"column":26},"end":{"line":175,"column":31}}],"line":175},"64":{"loc":{"start":{"line":185,"column":12},"end":{"line":188,"column":13}},"type":"if","locations":[{"start":{"line":185,"column":12},"end":{"line":188,"column":13}},{"start":{"line":185,"column":12},"end":{"line":188,"column":13}}],"line":185},"65":{"loc":{"start":{"line":185,"column":16},"end":{"line":186,"column":105}},"type":"binary-expr","locations":[{"start":{"line":185,"column":16},"end":{"line":185,"column":47}},{"start":{"line":186,"column":19},"end":{"line":186,"column":105}}],"line":185},"66":{"loc":{"start":{"line":186,"column":21},"end":{"line":186,"column":104}},"type":"binary-expr","locations":[{"start":{"line":186,"column":21},"end":{"line":186,"column":31}},{"start":{"line":186,"column":35},"end":{"line":186,"column":57}},{"start":{"line":186,"column":61},"end":{"line":186,"column":104}}],"line":186},"67":{"loc":{"start":{"line":194,"column":21},"end":{"line":194,"column":56}},"type":"cond-expr","locations":[{"start":{"line":194,"column":32},"end":{"line":194,"column":49}},{"start":{"line":194,"column":52},"end":{"line":194,"column":56}}],"line":194},"68":{"loc":{"start":{"line":209,"column":8},"end":{"line":210,"column":43}},"type":"if","locations":[{"start":{"line":209,"column":8},"end":{"line":210,"column":43}},{"start":{"line":209,"column":8},"end":{"line":210,"column":43}}],"line":209},"69":{"loc":{"start":{"line":216,"column":24},"end":{"line":216,"column":58}},"type":"binary-expr","locations":[{"start":{"line":216,"column":24},"end":{"line":216,"column":41}},{"start":{"line":216,"column":45},"end":{"line":216,"column":58}}],"line":216},"70":{"loc":{"start":{"line":218,"column":8},"end":{"line":223,"column":9}},"type":"if","locations":[{"start":{"line":218,"column":8},"end":{"line":223,"column":9}},{"start":{"line":218,"column":8},"end":{"line":223,"column":9}}],"line":218},"71":{"loc":{"start":{"line":218,"column":12},"end":{"line":218,"column":50}},"type":"binary-expr","locations":[{"start":{"line":218,"column":12},"end":{"line":218,"column":27}},{"start":{"line":218,"column":31},"end":{"line":218,"column":50}}],"line":218},"72":{"loc":{"start":{"line":224,"column":8},"end":{"line":226,"column":9}},"type":"if","locations":[{"start":{"line":224,"column":8},"end":{"line":226,"column":9}},{"start":{"line":224,"column":8},"end":{"line":226,"column":9}}],"line":224},"73":{"loc":{"start":{"line":237,"column":15},"end":{"line":237,"column":119}},"type":"binary-expr","locations":[{"start":{"line":237,"column":15},"end":{"line":237,"column":17}},{"start":{"line":237,"column":21},"end":{"line":237,"column":35}},{"start":{"line":237,"column":39},"end":{"line":237,"column":119}}],"line":237}},"s":{"0":1,"1":1,"2":0,"3":0,"4":0,"5":0,"6":1,"7":1,"8":1,"9":1,"10":1,"11":1,"12":1,"13":1,"14":1,"15":0,"16":0,"17":0,"18":1,"19":1,"20":1,"21":1,"22":1,"23":1,"24":1,"25":1,"26":0,"27":0,"28":0,"29":0,"30":2,"31":1,"32":1,"33":1,"34":1,"35":1,"36":0,"37":1,"38":1,"39":0,"40":3,"41":2,"42":2,"43":0,"44":2,"45":4,"46":4,"47":0,"48":4,"49":0,"50":4,"51":2,"52":2,"53":1,"54":1,"55":0,"56":0,"57":0,"58":0,"59":0,"60":0,"61":0,"62":1,"63":1,"64":1,"65":0,"66":0,"67":0,"68":0,"69":0,"70":0,"71":0,"72":0,"73":0,"74":0,"75":0,"76":0,"77":0,"78":0,"79":0,"80":2,"81":0,"82":0,"83":4,"84":1,"85":0,"86":1,"87":1,"88":1,"89":1,"90":1,"91":1,"92":1,"93":1,"94":1,"95":3,"96":1,"97":0,"98":1,"99":1,"100":1,"101":1,"102":1,"103":0,"104":1,"105":1,"106":1,"107":2,"108":1,"109":0,"110":1,"111":1,"112":1,"113":1,"114":1,"115":0,"116":1,"117":0,"118":0,"119":0,"120":0,"121":0,"122":0,"123":0,"124":0,"125":0,"126":0,"127":0,"128":0,"129":0,"130":0,"131":0,"132":0,"133":0,"134":0,"135":1,"136":1,"137":1,"138":1,"139":1,"140":1,"141":0,"142":0,"143":0,"144":0,"145":0,"146":0,"147":0,"148":0,"149":0,"150":0,"151":0,"152":0,"153":0,"154":1,"155":0,"156":0,"157":0,"158":0,"159":0,"160":0,"161":0,"162":0,"163":0,"164":0,"165":0,"166":0,"167":1,"168":1,"169":1,"170":1,"171":1,"172":1,"173":1,"174":1,"175":0,"176":0,"177":0,"178":0,"179":0,"180":1,"181":0,"182":0,"183":0,"184":0,"185":0,"186":1,"187":0,"188":0,"189":0,"190":1,"191":2,"192":2,"193":2,"194":0,"195":2,"196":0,"197":2,"198":1,"199":0,"200":1,"201":1,"202":0,"203":1,"204":1,"205":1,"206":1},"f":{"0":1,"1":0,"2":0,"3":1,"4":1,"5":1,"6":1,"7":1,"8":1,"9":1,"10":0,"11":2,"12":1,"13":1,"14":1,"15":0,"16":3,"17":2,"18":2,"19":1,"20":3,"21":0,"22":1,"23":1,"24":1,"25":0,"26":1,"27":1,"28":2,"29":0,"30":0,"31":0,"32":0,"33":0,"34":1,"35":1,"36":1,"37":0,"38":0,"39":0,"40":0,"41":0,"42":0,"43":1,"44":1,"45":0,"46":0,"47":0,"48":0,"49":0,"50":2,"51":1,"52":0,"53":0},"b":{"0":[1,1,1],"1":[1,0,0,0],"2":[0,0],"3":[0,1],"4":[1,1,1],"5":[0,1],"6":[0,1],"7":[1,0],"8":[1,1],"9":[0,0],"10":[0,0],"11":[0,0],"12":[0,0],"13":[1,1,0],"14":[1,1,1],"15":[1,0],"16":[1,1],"17":[1,1,1],"18":[1,1],"19":[1,1],"20":[1,1],"21":[1,1,1],"22":[0,1],"23":[1,1],"24":[0,2],"25":[0,4],"26":[4,0,0],"27":[0,0],"28":[0,0],"29":[0,4],"30":[2,2,1,0,0,1],"31":[1,0],"32":[1,1,1],"33":[1,0],"34":[0,0],"35":[0,0,0,0],"36":[0,0],"37":[0,0],"38":[0,0],"39":[0,0],"40":[0,0],"41":[0,1],"42":[1,0],"43":[3,0],"44":[1,1],"45":[0,1],"46":[0,0],"47":[0,0],"48":[0,0],"49":[0,0],"50":[0,0],"51":[0,0],"52":[0,0],"53":[0,0],"54":[0,0],"55":[0,0],"56":[0,0],"57":[0,0],"58":[0,0],"59":[0,0],"60":[0,0],"61":[0,0],"62":[0,0],"63":[0,0],"64":[1,0],"65":[1,1],"66":[1,1,1],"67":[0,0],"68":[0,0],"69":[2,2],"70":[0,2],"71":[2,0],"72":[0,2],"73":[0,0,0]},"_coverageSchema":"332fd63041d2c1bcb487cc26dd0d5f7d97098a6c","hash":"8a06559ae02af1ef8240acc5c351695018bb032a"}
,"C:\\Users\\Orel Balilti\\Documents\\Projects\\Sugoi\\mongoDB\\dist\\constants\\exceptions.constant.js": {"path":"C:\\Users\\Orel Balilti\\Documents\\Projects\\Sugoi\\mongoDB\\dist\\constants\\exceptions.constant.js","statementMap":{"0":{"start":{"line":2,"column":0},"end":{"line":2,"column":62}},"1":{"start":{"line":3,"column":0},"end":{"line":5,"column":2}}},"fnMap":{},"branchMap":{},"s":{"0":1,"1":1},"f":{},"b":{},"_coverageSchema":"332fd63041d2c1bcb487cc26dd0d5f7d97098a6c","hash":"2e6ae13628f02945973ea2befdaee5b397eff7b0"}
,"C:\\Users\\Orel Balilti\\Documents\\Projects\\Sugoi\\mongoDB\\dist\\constants\\sort-options-mongo.constant.js": {"path":"C:\\Users\\Orel Balilti\\Documents\\Projects\\Sugoi\\mongoDB\\dist\\constants\\sort-options-mongo.constant.js","statementMap":{"0":{"start":{"line":2,"column":0},"end":{"line":2,"column":62}},"1":{"start":{"line":4,"column":12},"end":{"line":4,"column":33}},"2":{"start":{"line":5,"column":0},"end":{"line":8,"column":8}}},"fnMap":{},"branchMap":{},"s":{"0":1,"1":1,"2":1},"f":{},"b":{},"_coverageSchema":"332fd63041d2c1bcb487cc26dd0d5f7d97098a6c","hash":"d848020659e387564fdb0a46b4cb88812261247c"}
}
