{"C:\\Users\\Orel Balilti\\Documents\\Projects\\Sugoi\\mongoDB\\dist\\index.js": {"path":"C:\\Users\\Orel Balilti\\Documents\\Projects\\Sugoi\\mongoDB\\dist\\index.js","statementMap":{"0":{"start":{"line":2,"column":0},"end":{"line":2,"column":62}},"1":{"start":{"line":3,"column":13},"end":{"line":3,"column":28}},"2":{"start":{"line":4,"column":0},"end":{"line":4,"column":35}},"3":{"start":{"line":5,"column":28},"end":{"line":5,"column":70}},"4":{"start":{"line":6,"column":0},"end":{"line":6,"column":54}},"5":{"start":{"line":7,"column":31},"end":{"line":7,"column":74}},"6":{"start":{"line":8,"column":0},"end":{"line":8,"column":67}},"7":{"start":{"line":9,"column":29},"end":{"line":9,"column":70}},"8":{"start":{"line":10,"column":0},"end":{"line":10,"column":55}},"9":{"start":{"line":11,"column":12},"end":{"line":11,"column":33}},"10":{"start":{"line":12,"column":0},"end":{"line":12,"column":32}},"11":{"start":{"line":13,"column":0},"end":{"line":13,"column":46}},"12":{"start":{"line":14,"column":0},"end":{"line":14,"column":36}},"13":{"start":{"line":15,"column":0},"end":{"line":15,"column":44}},"14":{"start":{"line":16,"column":0},"end":{"line":16,"column":42}},"15":{"start":{"line":17,"column":0},"end":{"line":17,"column":34}},"16":{"start":{"line":18,"column":0},"end":{"line":18,"column":40}},"17":{"start":{"line":19,"column":0},"end":{"line":19,"column":56}},"18":{"start":{"line":20,"column":0},"end":{"line":20,"column":30}},"19":{"start":{"line":21,"column":0},"end":{"line":21,"column":34}}},"fnMap":{},"branchMap":{},"s":{"0":1,"1":1,"2":1,"3":1,"4":1,"5":1,"6":1,"7":1,"8":1,"9":1,"10":1,"11":1,"12":1,"13":1,"14":1,"15":1,"16":1,"17":1,"18":1,"19":1},"f":{},"b":{},"_coverageSchema":"332fd63041d2c1bcb487cc26dd0d5f7d97098a6c","hash":"f22fa2e392ae86c791773239b9562d89be24b0b1"}
,"C:\\Users\\Orel Balilti\\Documents\\Projects\\Sugoi\\mongoDB\\dist\\__tests__\\models\\dummy.js": {"path":"C:\\Users\\Orel Balilti\\Documents\\Projects\\Sugoi\\mongoDB\\dist\\__tests__\\models\\dummy.js","statementMap":{"0":{"start":{"line":2,"column":17},"end":{"line":7,"column":1}},"1":{"start":{"line":3,"column":12},"end":{"line":3,"column":28}},"2":{"start":{"line":3,"column":34},"end":{"line":3,"column":125}},"3":{"start":{"line":4,"column":4},"end":{"line":5,"column":150}},"4":{"start":{"line":4,"column":79},"end":{"line":4,"column":131}},"5":{"start":{"line":5,"column":9},"end":{"line":5,"column":150}},"6":{"start":{"line":5,"column":58},"end":{"line":5,"column":150}},"7":{"start":{"line":5,"column":81},"end":{"line":5,"column":150}},"8":{"start":{"line":6,"column":4},"end":{"line":6,"column":66}},"9":{"start":{"line":8,"column":17},"end":{"line":10,"column":1}},"10":{"start":{"line":9,"column":4},"end":{"line":9,"column":109}},"11":{"start":{"line":9,"column":79},"end":{"line":9,"column":109}},"12":{"start":{"line":11,"column":0},"end":{"line":11,"column":62}},"13":{"start":{"line":13,"column":16},"end":{"line":13,"column":38}},"14":{"start":{"line":14,"column":12},"end":{"line":50,"column":1}},"15":{"start":{"line":16,"column":8},"end":{"line":16,"column":16}},"16":{"start":{"line":17,"column":8},"end":{"line":17,"column":25}},"17":{"start":{"line":20,"column":8},"end":{"line":20,"column":24}},"18":{"start":{"line":23,"column":8},"end":{"line":23,"column":22}},"19":{"start":{"line":26,"column":8},"end":{"line":26,"column":65}},"20":{"start":{"line":29,"column":8},"end":{"line":29,"column":35}},"21":{"start":{"line":30,"column":8},"end":{"line":31,"column":43}},"22":{"start":{"line":31,"column":12},"end":{"line":31,"column":43}},"23":{"start":{"line":34,"column":8},"end":{"line":34,"column":52}},"24":{"start":{"line":35,"column":8},"end":{"line":35,"column":45}},"25":{"start":{"line":38,"column":8},"end":{"line":38,"column":33}},"26":{"start":{"line":39,"column":8},"end":{"line":39,"column":50}},"27":{"start":{"line":42,"column":8},"end":{"line":42,"column":26}},"28":{"start":{"line":45,"column":8},"end":{"line":45,"column":59}},"29":{"start":{"line":48,"column":8},"end":{"line":48,"column":33}},"30":{"start":{"line":51,"column":0},"end":{"line":54,"column":37}},"31":{"start":{"line":55,"column":0},"end":{"line":58,"column":39}},"32":{"start":{"line":59,"column":0},"end":{"line":62,"column":40}},"33":{"start":{"line":63,"column":0},"end":{"line":66,"column":36}},"34":{"start":{"line":67,"column":0},"end":{"line":71,"column":10}},"35":{"start":{"line":72,"column":0},"end":{"line":72,"column":22}}},"fnMap":{"0":{"name":"(anonymous_0)","decl":{"start":{"line":2,"column":46},"end":{"line":2,"column":47}},"loc":{"start":{"line":2,"column":87},"end":{"line":7,"column":1}},"line":2},"1":{"name":"(anonymous_1)","decl":{"start":{"line":8,"column":46},"end":{"line":8,"column":47}},"loc":{"start":{"line":8,"column":62},"end":{"line":10,"column":1}},"line":8},"2":{"name":"(anonymous_2)","decl":{"start":{"line":15,"column":4},"end":{"line":15,"column":5}},"loc":{"start":{"line":15,"column":22},"end":{"line":18,"column":5}},"line":15},"3":{"name":"(anonymous_3)","decl":{"start":{"line":19,"column":4},"end":{"line":19,"column":5}},"loc":{"start":{"line":19,"column":13},"end":{"line":21,"column":5}},"line":19},"4":{"name":"(anonymous_4)","decl":{"start":{"line":22,"column":4},"end":{"line":22,"column":5}},"loc":{"start":{"line":22,"column":15},"end":{"line":24,"column":5}},"line":22},"5":{"name":"(anonymous_5)","decl":{"start":{"line":25,"column":4},"end":{"line":25,"column":5}},"loc":{"start":{"line":25,"column":21},"end":{"line":27,"column":5}},"line":25},"6":{"name":"(anonymous_6)","decl":{"start":{"line":28,"column":4},"end":{"line":28,"column":5}},"loc":{"start":{"line":28,"column":19},"end":{"line":32,"column":5}},"line":28},"7":{"name":"(anonymous_7)","decl":{"start":{"line":33,"column":4},"end":{"line":33,"column":5}},"loc":{"start":{"line":33,"column":32},"end":{"line":36,"column":5}},"line":33},"8":{"name":"(anonymous_8)","decl":{"start":{"line":37,"column":4},"end":{"line":37,"column":5}},"loc":{"start":{"line":37,"column":17},"end":{"line":40,"column":5}},"line":37},"9":{"name":"(anonymous_9)","decl":{"start":{"line":41,"column":4},"end":{"line":41,"column":5}},"loc":{"start":{"line":41,"column":28},"end":{"line":43,"column":5}},"line":41},"10":{"name":"(anonymous_10)","decl":{"start":{"line":44,"column":4},"end":{"line":44,"column":5}},"loc":{"start":{"line":44,"column":15},"end":{"line":46,"column":5}},"line":44},"11":{"name":"(anonymous_11)","decl":{"start":{"line":47,"column":4},"end":{"line":47,"column":5}},"loc":{"start":{"line":47,"column":25},"end":{"line":49,"column":5}},"line":47}},"branchMap":{"0":{"loc":{"start":{"line":2,"column":17},"end":{"line":7,"column":1}},"type":"binary-expr","locations":[{"start":{"line":2,"column":18},"end":{"line":2,"column":22}},{"start":{"line":2,"column":26},"end":{"line":2,"column":41}},{"start":{"line":2,"column":46},"end":{"line":7,"column":1}}],"line":2},"1":{"loc":{"start":{"line":3,"column":34},"end":{"line":3,"column":125}},"type":"cond-expr","locations":[{"start":{"line":3,"column":42},"end":{"line":3,"column":48}},{"start":{"line":3,"column":51},"end":{"line":3,"column":125}}],"line":3},"2":{"loc":{"start":{"line":3,"column":51},"end":{"line":3,"column":125}},"type":"cond-expr","locations":[{"start":{"line":3,"column":67},"end":{"line":3,"column":118}},{"start":{"line":3,"column":121},"end":{"line":3,"column":125}}],"line":3},"3":{"loc":{"start":{"line":4,"column":4},"end":{"line":5,"column":150}},"type":"if","locations":[{"start":{"line":4,"column":4},"end":{"line":5,"column":150}},{"start":{"line":4,"column":4},"end":{"line":5,"column":150}}],"line":4},"4":{"loc":{"start":{"line":4,"column":8},"end":{"line":4,"column":77}},"type":"binary-expr","locations":[{"start":{"line":4,"column":8},"end":{"line":4,"column":35}},{"start":{"line":4,"column":39},"end":{"line":4,"column":77}}],"line":4},"5":{"loc":{"start":{"line":5,"column":58},"end":{"line":5,"column":150}},"type":"if","locations":[{"start":{"line":5,"column":58},"end":{"line":5,"column":150}},{"start":{"line":5,"column":58},"end":{"line":5,"column":150}}],"line":5},"6":{"loc":{"start":{"line":5,"column":85},"end":{"line":5,"column":149}},"type":"binary-expr","locations":[{"start":{"line":5,"column":86},"end":{"line":5,"column":143}},{"start":{"line":5,"column":148},"end":{"line":5,"column":149}}],"line":5},"7":{"loc":{"start":{"line":5,"column":86},"end":{"line":5,"column":143}},"type":"cond-expr","locations":[{"start":{"line":5,"column":94},"end":{"line":5,"column":98}},{"start":{"line":5,"column":101},"end":{"line":5,"column":143}}],"line":5},"8":{"loc":{"start":{"line":5,"column":101},"end":{"line":5,"column":143}},"type":"cond-expr","locations":[{"start":{"line":5,"column":109},"end":{"line":5,"column":126}},{"start":{"line":5,"column":129},"end":{"line":5,"column":143}}],"line":5},"9":{"loc":{"start":{"line":6,"column":11},"end":{"line":6,"column":62}},"type":"binary-expr","locations":[{"start":{"line":6,"column":11},"end":{"line":6,"column":16}},{"start":{"line":6,"column":20},"end":{"line":6,"column":21}},{"start":{"line":6,"column":25},"end":{"line":6,"column":62}}],"line":6},"10":{"loc":{"start":{"line":8,"column":17},"end":{"line":10,"column":1}},"type":"binary-expr","locations":[{"start":{"line":8,"column":18},"end":{"line":8,"column":22}},{"start":{"line":8,"column":26},"end":{"line":8,"column":41}},{"start":{"line":8,"column":46},"end":{"line":10,"column":1}}],"line":8},"11":{"loc":{"start":{"line":9,"column":4},"end":{"line":9,"column":109}},"type":"if","locations":[{"start":{"line":9,"column":4},"end":{"line":9,"column":109}},{"start":{"line":9,"column":4},"end":{"line":9,"column":109}}],"line":9},"12":{"loc":{"start":{"line":9,"column":8},"end":{"line":9,"column":77}},"type":"binary-expr","locations":[{"start":{"line":9,"column":8},"end":{"line":9,"column":35}},{"start":{"line":9,"column":39},"end":{"line":9,"column":77}}],"line":9},"13":{"loc":{"start":{"line":26,"column":20},"end":{"line":26,"column":64}},"type":"cond-expr","locations":[{"start":{"line":26,"column":36},"end":{"line":26,"column":52}},{"start":{"line":26,"column":55},"end":{"line":26,"column":64}}],"line":26},"14":{"loc":{"start":{"line":30,"column":8},"end":{"line":31,"column":43}},"type":"if","locations":[{"start":{"line":30,"column":8},"end":{"line":31,"column":43}},{"start":{"line":30,"column":8},"end":{"line":31,"column":43}}],"line":30}},"s":{"0":1,"1":5,"2":5,"3":5,"4":5,"5":0,"6":0,"7":0,"8":5,"9":1,"10":5,"11":5,"12":1,"13":1,"14":1,"15":87,"16":87,"17":8,"18":1,"19":28,"20":6,"21":6,"22":1,"23":5,"24":5,"25":19,"26":19,"27":18,"28":27,"29":20,"30":1,"31":1,"32":1,"33":1,"34":1,"35":1},"f":{"0":5,"1":5,"2":87,"3":8,"4":1,"5":28,"6":6,"7":5,"8":19,"9":18,"10":27,"11":20},"b":{"0":[1,1,1],"1":[1,4],"2":[0,4],"3":[5,0],"4":[5,5],"5":[0,0],"6":[0,0],"7":[0,0],"8":[0,0],"9":[5,4,0],"10":[1,1,1],"11":[5,0],"12":[5,5],"13":[2,26],"14":[1,5]},"_coverageSchema":"332fd63041d2c1bcb487cc26dd0d5f7d97098a6c","hash":"30ee473be51675632e0b3877791d00fbc8566d55"}
,"C:\\Users\\Orel Balilti\\Documents\\Projects\\Sugoi\\mongoDB\\dist\\classes\\mongo-connection.class.js": {"path":"C:\\Users\\Orel Balilti\\Documents\\Projects\\Sugoi\\mongoDB\\dist\\classes\\mongo-connection.class.js","statementMap":{"0":{"start":{"line":2,"column":0},"end":{"line":2,"column":62}},"1":{"start":{"line":3,"column":14},"end":{"line":3,"column":35}},"2":{"start":{"line":4,"column":18},"end":{"line":4,"column":36}},"3":{"start":{"line":7,"column":8},"end":{"line":7,"column":37}},"4":{"start":{"line":8,"column":8},"end":{"line":8,"column":26}},"5":{"start":{"line":9,"column":8},"end":{"line":9,"column":31}},"6":{"start":{"line":12,"column":33},"end":{"line":14,"column":9}},"7":{"start":{"line":15,"column":8},"end":{"line":20,"column":9}},"8":{"start":{"line":16,"column":12},"end":{"line":19,"column":14}},"9":{"start":{"line":21,"column":8},"end":{"line":23,"column":9}},"10":{"start":{"line":22,"column":12},"end":{"line":22,"column":55}},"11":{"start":{"line":24,"column":8},"end":{"line":37,"column":11}},"12":{"start":{"line":26,"column":12},"end":{"line":26,"column":56}},"13":{"start":{"line":26,"column":37},"end":{"line":26,"column":54}},"14":{"start":{"line":27,"column":12},"end":{"line":30,"column":14}},"15":{"start":{"line":31,"column":12},"end":{"line":31,"column":60}},"16":{"start":{"line":32,"column":12},"end":{"line":32,"column":24}},"17":{"start":{"line":35,"column":12},"end":{"line":35,"column":31}},"18":{"start":{"line":36,"column":12},"end":{"line":36,"column":22}},"19":{"start":{"line":40,"column":8},"end":{"line":40,"column":82}},"20":{"start":{"line":43,"column":8},"end":{"line":43,"column":30}},"21":{"start":{"line":46,"column":8},"end":{"line":56,"column":9}},"22":{"start":{"line":47,"column":12},"end":{"line":47,"column":63}},"23":{"start":{"line":48,"column":12},"end":{"line":48,"column":42}},"24":{"start":{"line":51,"column":12},"end":{"line":55,"column":15}},"25":{"start":{"line":53,"column":16},"end":{"line":53,"column":67}},"26":{"start":{"line":54,"column":16},"end":{"line":54,"column":28}},"27":{"start":{"line":59,"column":25},"end":{"line":59,"column":38}},"28":{"start":{"line":60,"column":8},"end":{"line":62,"column":9}},"29":{"start":{"line":61,"column":12},"end":{"line":61,"column":59}},"30":{"start":{"line":63,"column":8},"end":{"line":63,"column":54}},"31":{"start":{"line":64,"column":8},"end":{"line":64,"column":26}},"32":{"start":{"line":67,"column":0},"end":{"line":67,"column":42}}},"fnMap":{"0":{"name":"(anonymous_0)","decl":{"start":{"line":6,"column":4},"end":{"line":6,"column":5}},"loc":{"start":{"line":6,"column":18},"end":{"line":10,"column":5}},"line":6},"1":{"name":"(anonymous_1)","decl":{"start":{"line":11,"column":4},"end":{"line":11,"column":5}},"loc":{"start":{"line":11,"column":14},"end":{"line":38,"column":5}},"line":11},"2":{"name":"(anonymous_2)","decl":{"start":{"line":25,"column":18},"end":{"line":25,"column":19}},"loc":{"start":{"line":25,"column":30},"end":{"line":33,"column":9}},"line":25},"3":{"name":"(anonymous_3)","decl":{"start":{"line":26,"column":31},"end":{"line":26,"column":32}},"loc":{"start":{"line":26,"column":37},"end":{"line":26,"column":54}},"line":26},"4":{"name":"(anonymous_4)","decl":{"start":{"line":34,"column":19},"end":{"line":34,"column":20}},"loc":{"start":{"line":34,"column":26},"end":{"line":37,"column":9}},"line":34},"5":{"name":"(anonymous_5)","decl":{"start":{"line":39,"column":4},"end":{"line":39,"column":5}},"loc":{"start":{"line":39,"column":18},"end":{"line":41,"column":5}},"line":39},"6":{"name":"(anonymous_6)","decl":{"start":{"line":42,"column":4},"end":{"line":42,"column":5}},"loc":{"start":{"line":42,"column":25},"end":{"line":44,"column":5}},"line":42},"7":{"name":"(anonymous_7)","decl":{"start":{"line":45,"column":4},"end":{"line":45,"column":5}},"loc":{"start":{"line":45,"column":17},"end":{"line":57,"column":5}},"line":45},"8":{"name":"(anonymous_8)","decl":{"start":{"line":52,"column":22},"end":{"line":52,"column":23}},"loc":{"start":{"line":52,"column":44},"end":{"line":55,"column":13}},"line":52},"9":{"name":"(anonymous_9)","decl":{"start":{"line":58,"column":4},"end":{"line":58,"column":5}},"loc":{"start":{"line":58,"column":26},"end":{"line":65,"column":5}},"line":58}},"branchMap":{"0":{"loc":{"start":{"line":13,"column":24},"end":{"line":13,"column":46}},"type":"binary-expr","locations":[{"start":{"line":13,"column":24},"end":{"line":13,"column":35}},{"start":{"line":13,"column":39},"end":{"line":13,"column":46}}],"line":13},"1":{"loc":{"start":{"line":15,"column":8},"end":{"line":20,"column":9}},"type":"if","locations":[{"start":{"line":15,"column":8},"end":{"line":20,"column":9}},{"start":{"line":15,"column":8},"end":{"line":20,"column":9}}],"line":15},"2":{"loc":{"start":{"line":15,"column":12},"end":{"line":15,"column":38}},"type":"binary-expr","locations":[{"start":{"line":15,"column":12},"end":{"line":15,"column":21}},{"start":{"line":15,"column":25},"end":{"line":15,"column":38}}],"line":15},"3":{"loc":{"start":{"line":21,"column":8},"end":{"line":23,"column":9}},"type":"if","locations":[{"start":{"line":21,"column":8},"end":{"line":23,"column":9}},{"start":{"line":21,"column":8},"end":{"line":23,"column":9}}],"line":21},"4":{"loc":{"start":{"line":46,"column":8},"end":{"line":56,"column":9}},"type":"if","locations":[{"start":{"line":46,"column":8},"end":{"line":56,"column":9}},{"start":{"line":46,"column":8},"end":{"line":56,"column":9}}],"line":46},"5":{"loc":{"start":{"line":60,"column":8},"end":{"line":62,"column":9}},"type":"if","locations":[{"start":{"line":60,"column":8},"end":{"line":62,"column":9}},{"start":{"line":60,"column":8},"end":{"line":62,"column":9}}],"line":60},"6":{"loc":{"start":{"line":60,"column":12},"end":{"line":60,"column":38}},"type":"binary-expr","locations":[{"start":{"line":60,"column":12},"end":{"line":60,"column":21}},{"start":{"line":60,"column":25},"end":{"line":60,"column":38}}],"line":60}},"s":{"0":1,"1":1,"2":1,"3":1,"4":1,"5":1,"6":1,"7":1,"8":0,"9":1,"10":1,"11":1,"12":1,"13":0,"14":1,"15":1,"16":1,"17":0,"18":0,"19":13,"20":1,"21":2,"22":1,"23":1,"24":1,"25":1,"26":1,"27":1,"28":1,"29":0,"30":1,"31":1,"32":1},"f":{"0":1,"1":1,"2":1,"3":0,"4":0,"5":13,"6":1,"7":2,"8":1,"9":1},"b":{"0":[1,1],"1":[0,1],"2":[1,0],"3":[1,0],"4":[1,1],"5":[0,1],"6":[1,0]},"_coverageSchema":"332fd63041d2c1bcb487cc26dd0d5f7d97098a6c","hash":"0e1667cdf88f5c017fe744124778c3926961acf7"}
,"C:\\Users\\Orel Balilti\\Documents\\Projects\\Sugoi\\mongoDB\\dist\\classes\\mongo-model.abstract.js": {"path":"C:\\Users\\Orel Balilti\\Documents\\Projects\\Sugoi\\mongoDB\\dist\\classes\\mongo-model.abstract.js","statementMap":{"0":{"start":{"line":2,"column":17},"end":{"line":7,"column":1}},"1":{"start":{"line":3,"column":12},"end":{"line":3,"column":28}},"2":{"start":{"line":3,"column":34},"end":{"line":3,"column":125}},"3":{"start":{"line":4,"column":4},"end":{"line":5,"column":150}},"4":{"start":{"line":4,"column":79},"end":{"line":4,"column":131}},"5":{"start":{"line":5,"column":9},"end":{"line":5,"column":150}},"6":{"start":{"line":5,"column":58},"end":{"line":5,"column":150}},"7":{"start":{"line":5,"column":81},"end":{"line":5,"column":150}},"8":{"start":{"line":6,"column":4},"end":{"line":6,"column":66}},"9":{"start":{"line":8,"column":17},"end":{"line":10,"column":1}},"10":{"start":{"line":9,"column":4},"end":{"line":9,"column":109}},"11":{"start":{"line":9,"column":79},"end":{"line":9,"column":109}},"12":{"start":{"line":11,"column":16},"end":{"line":18,"column":1}},"13":{"start":{"line":12,"column":4},"end":{"line":17,"column":7}},"14":{"start":{"line":13,"column":36},"end":{"line":13,"column":97}},"15":{"start":{"line":13,"column":42},"end":{"line":13,"column":70}},"16":{"start":{"line":13,"column":85},"end":{"line":13,"column":95}},"17":{"start":{"line":14,"column":35},"end":{"line":14,"column":100}},"18":{"start":{"line":14,"column":41},"end":{"line":14,"column":73}},"19":{"start":{"line":14,"column":88},"end":{"line":14,"column":98}},"20":{"start":{"line":15,"column":32},"end":{"line":15,"column":149}},"21":{"start":{"line":15,"column":97},"end":{"line":15,"column":119}},"22":{"start":{"line":16,"column":8},"end":{"line":16,"column":78}},"23":{"start":{"line":19,"column":0},"end":{"line":19,"column":62}},"24":{"start":{"line":20,"column":18},"end":{"line":20,"column":36}},"25":{"start":{"line":21,"column":33},"end":{"line":21,"column":68}},"26":{"start":{"line":22,"column":14},"end":{"line":22,"column":35}},"27":{"start":{"line":23,"column":38},"end":{"line":23,"column":89}},"28":{"start":{"line":26,"column":8},"end":{"line":26,"column":16}},"29":{"start":{"line":29,"column":34},"end":{"line":29,"column":74}},"30":{"start":{"line":30,"column":8},"end":{"line":32,"column":9}},"31":{"start":{"line":31,"column":12},"end":{"line":31,"column":58}},"32":{"start":{"line":33,"column":8},"end":{"line":33,"column":84}},"33":{"start":{"line":36,"column":8},"end":{"line":36,"column":42}},"34":{"start":{"line":39,"column":8},"end":{"line":42,"column":57}},"35":{"start":{"line":40,"column":28},"end":{"line":40,"column":49}},"36":{"start":{"line":41,"column":26},"end":{"line":41,"column":41}},"37":{"start":{"line":42,"column":26},"end":{"line":42,"column":55}},"38":{"start":{"line":45,"column":8},"end":{"line":45,"column":35}},"39":{"start":{"line":48,"column":8},"end":{"line":52,"column":11}},"40":{"start":{"line":49,"column":12},"end":{"line":50,"column":56}},"41":{"start":{"line":50,"column":16},"end":{"line":50,"column":56}},"42":{"start":{"line":51,"column":12},"end":{"line":51,"column":117}},"43":{"start":{"line":55,"column":19},"end":{"line":55,"column":45}},"44":{"start":{"line":56,"column":27},"end":{"line":56,"column":29}},"45":{"start":{"line":57,"column":8},"end":{"line":62,"column":9}},"46":{"start":{"line":58,"column":12},"end":{"line":58,"column":70}},"47":{"start":{"line":60,"column":13},"end":{"line":62,"column":9}},"48":{"start":{"line":61,"column":12},"end":{"line":61,"column":46}},"49":{"start":{"line":63,"column":8},"end":{"line":82,"column":11}},"50":{"start":{"line":65,"column":31},"end":{"line":67,"column":75}},"51":{"start":{"line":68,"column":12},"end":{"line":73,"column":13}},"52":{"start":{"line":69,"column":16},"end":{"line":71,"column":19}},"53":{"start":{"line":70,"column":20},"end":{"line":70,"column":121}},"54":{"start":{"line":72,"column":16},"end":{"line":72,"column":61}},"55":{"start":{"line":74,"column":12},"end":{"line":81,"column":15}},"56":{"start":{"line":77,"column":16},"end":{"line":79,"column":17}},"57":{"start":{"line":78,"column":20},"end":{"line":78,"column":74}},"58":{"start":{"line":80,"column":16},"end":{"line":80,"column":27}},"59":{"start":{"line":85,"column":8},"end":{"line":91,"column":11}},"60":{"start":{"line":87,"column":12},"end":{"line":90,"column":15}},"61":{"start":{"line":89,"column":16},"end":{"line":89,"column":36}},"62":{"start":{"line":94,"column":23},"end":{"line":94,"column":42}},"63":{"start":{"line":94,"column":31},"end":{"line":94,"column":42}},"64":{"start":{"line":95,"column":8},"end":{"line":98,"column":11}},"65":{"start":{"line":96,"column":12},"end":{"line":96,"column":83}},"66":{"start":{"line":97,"column":12},"end":{"line":97,"column":72}},"67":{"start":{"line":101,"column":8},"end":{"line":118,"column":11}},"68":{"start":{"line":103,"column":35},"end":{"line":103,"column":58}},"69":{"start":{"line":104,"column":31},"end":{"line":104,"column":56}},"70":{"start":{"line":105,"column":12},"end":{"line":105,"column":46}},"71":{"start":{"line":106,"column":12},"end":{"line":107,"column":78}},"72":{"start":{"line":107,"column":16},"end":{"line":107,"column":78}},"73":{"start":{"line":108,"column":12},"end":{"line":110,"column":98}},"74":{"start":{"line":112,"column":27},"end":{"line":112,"column":37}},"75":{"start":{"line":114,"column":12},"end":{"line":117,"column":73}},"76":{"start":{"line":115,"column":16},"end":{"line":115,"column":27}},"77":{"start":{"line":117,"column":16},"end":{"line":117,"column":73}},"78":{"start":{"line":121,"column":19},"end":{"line":121,"column":45}},"79":{"start":{"line":122,"column":8},"end":{"line":127,"column":9}},"80":{"start":{"line":123,"column":12},"end":{"line":123,"column":70}},"81":{"start":{"line":125,"column":13},"end":{"line":127,"column":9}},"82":{"start":{"line":126,"column":12},"end":{"line":126,"column":46}},"83":{"start":{"line":128,"column":8},"end":{"line":140,"column":11}},"84":{"start":{"line":130,"column":12},"end":{"line":132,"column":61}},"85":{"start":{"line":134,"column":27},"end":{"line":134,"column":37}},"86":{"start":{"line":136,"column":12},"end":{"line":139,"column":73}},"87":{"start":{"line":137,"column":16},"end":{"line":137,"column":27}},"88":{"start":{"line":139,"column":16},"end":{"line":139,"column":73}},"89":{"start":{"line":143,"column":28},"end":{"line":143,"column":30}},"90":{"start":{"line":144,"column":8},"end":{"line":149,"column":11}},"91":{"start":{"line":145,"column":12},"end":{"line":148,"column":13}},"92":{"start":{"line":147,"column":16},"end":{"line":147,"column":45}},"93":{"start":{"line":150,"column":8},"end":{"line":150,"column":27}},"94":{"start":{"line":153,"column":21},"end":{"line":153,"column":44}},"95":{"start":{"line":154,"column":8},"end":{"line":154,"column":57}},"96":{"start":{"line":155,"column":8},"end":{"line":155,"column":34}},"97":{"start":{"line":156,"column":8},"end":{"line":156,"column":27}},"98":{"start":{"line":157,"column":8},"end":{"line":157,"column":20}},"99":{"start":{"line":160,"column":23},"end":{"line":160,"column":42}},"100":{"start":{"line":160,"column":31},"end":{"line":160,"column":42}},"101":{"start":{"line":161,"column":8},"end":{"line":165,"column":11}},"102":{"start":{"line":162,"column":12},"end":{"line":162,"column":38}},"103":{"start":{"line":163,"column":12},"end":{"line":163,"column":29}},"104":{"start":{"line":164,"column":12},"end":{"line":164,"column":70}},"105":{"start":{"line":168,"column":8},"end":{"line":171,"column":9}},"106":{"start":{"line":169,"column":12},"end":{"line":169,"column":28}},"107":{"start":{"line":170,"column":12},"end":{"line":170,"column":28}},"108":{"start":{"line":172,"column":8},"end":{"line":173,"column":43}},"109":{"start":{"line":173,"column":12},"end":{"line":173,"column":43}},"110":{"start":{"line":174,"column":8},"end":{"line":174,"column":43}},"111":{"start":{"line":177,"column":8},"end":{"line":177,"column":120}},"112":{"start":{"line":180,"column":0},"end":{"line":183,"column":40}},"113":{"start":{"line":184,"column":0},"end":{"line":187,"column":43}},"114":{"start":{"line":188,"column":0},"end":{"line":188,"column":32}}},"fnMap":{"0":{"name":"(anonymous_0)","decl":{"start":{"line":2,"column":46},"end":{"line":2,"column":47}},"loc":{"start":{"line":2,"column":87},"end":{"line":7,"column":1}},"line":2},"1":{"name":"(anonymous_1)","decl":{"start":{"line":8,"column":46},"end":{"line":8,"column":47}},"loc":{"start":{"line":8,"column":62},"end":{"line":10,"column":1}},"line":8},"2":{"name":"(anonymous_2)","decl":{"start":{"line":11,"column":44},"end":{"line":11,"column":45}},"loc":{"start":{"line":11,"column":89},"end":{"line":18,"column":1}},"line":11},"3":{"name":"(anonymous_3)","decl":{"start":{"line":12,"column":36},"end":{"line":12,"column":37}},"loc":{"start":{"line":12,"column":63},"end":{"line":17,"column":5}},"line":12},"4":{"name":"fulfilled","decl":{"start":{"line":13,"column":17},"end":{"line":13,"column":26}},"loc":{"start":{"line":13,"column":34},"end":{"line":13,"column":99}},"line":13},"5":{"name":"rejected","decl":{"start":{"line":14,"column":17},"end":{"line":14,"column":25}},"loc":{"start":{"line":14,"column":33},"end":{"line":14,"column":102}},"line":14},"6":{"name":"step","decl":{"start":{"line":15,"column":17},"end":{"line":15,"column":21}},"loc":{"start":{"line":15,"column":30},"end":{"line":15,"column":151}},"line":15},"7":{"name":"(anonymous_7)","decl":{"start":{"line":15,"column":76},"end":{"line":15,"column":77}},"loc":{"start":{"line":15,"column":95},"end":{"line":15,"column":121}},"line":15},"8":{"name":"(anonymous_8)","decl":{"start":{"line":25,"column":4},"end":{"line":25,"column":5}},"loc":{"start":{"line":25,"column":18},"end":{"line":27,"column":5}},"line":25},"9":{"name":"(anonymous_9)","decl":{"start":{"line":28,"column":4},"end":{"line":28,"column":5}},"loc":{"start":{"line":28,"column":89},"end":{"line":34,"column":5}},"line":28},"10":{"name":"(anonymous_10)","decl":{"start":{"line":35,"column":4},"end":{"line":35,"column":5}},"loc":{"start":{"line":35,"column":27},"end":{"line":37,"column":5}},"line":35},"11":{"name":"(anonymous_11)","decl":{"start":{"line":38,"column":4},"end":{"line":38,"column":5}},"loc":{"start":{"line":38,"column":57},"end":{"line":43,"column":5}},"line":38},"12":{"name":"(anonymous_12)","decl":{"start":{"line":40,"column":18},"end":{"line":40,"column":19}},"loc":{"start":{"line":40,"column":28},"end":{"line":40,"column":49}},"line":40},"13":{"name":"(anonymous_13)","decl":{"start":{"line":41,"column":18},"end":{"line":41,"column":19}},"loc":{"start":{"line":41,"column":26},"end":{"line":41,"column":41}},"line":41},"14":{"name":"(anonymous_14)","decl":{"start":{"line":42,"column":18},"end":{"line":42,"column":19}},"loc":{"start":{"line":42,"column":26},"end":{"line":42,"column":55}},"line":42},"15":{"name":"(anonymous_15)","decl":{"start":{"line":44,"column":4},"end":{"line":44,"column":5}},"loc":{"start":{"line":44,"column":17},"end":{"line":46,"column":5}},"line":44},"16":{"name":"(anonymous_16)","decl":{"start":{"line":47,"column":4},"end":{"line":47,"column":5}},"loc":{"start":{"line":47,"column":27},"end":{"line":53,"column":5}},"line":47},"17":{"name":"(anonymous_17)","decl":{"start":{"line":48,"column":47},"end":{"line":48,"column":48}},"loc":{"start":{"line":48,"column":60},"end":{"line":52,"column":9}},"line":48},"18":{"name":"(anonymous_18)","decl":{"start":{"line":54,"column":4},"end":{"line":54,"column":5}},"loc":{"start":{"line":54,"column":70},"end":{"line":83,"column":5}},"line":54},"19":{"name":"(anonymous_19)","decl":{"start":{"line":64,"column":18},"end":{"line":64,"column":19}},"loc":{"start":{"line":64,"column":32},"end":{"line":82,"column":9}},"line":64},"20":{"name":"(anonymous_20)","decl":{"start":{"line":69,"column":49},"end":{"line":69,"column":50}},"loc":{"start":{"line":69,"column":63},"end":{"line":71,"column":17}},"line":69},"21":{"name":"(anonymous_21)","decl":{"start":{"line":76,"column":22},"end":{"line":76,"column":23}},"loc":{"start":{"line":76,"column":31},"end":{"line":81,"column":13}},"line":76},"22":{"name":"(anonymous_22)","decl":{"start":{"line":84,"column":4},"end":{"line":84,"column":5}},"loc":{"start":{"line":84,"column":25},"end":{"line":92,"column":5}},"line":84},"23":{"name":"(anonymous_23)","decl":{"start":{"line":86,"column":18},"end":{"line":86,"column":19}},"loc":{"start":{"line":86,"column":24},"end":{"line":91,"column":9}},"line":86},"24":{"name":"(anonymous_24)","decl":{"start":{"line":88,"column":22},"end":{"line":88,"column":23}},"loc":{"start":{"line":88,"column":33},"end":{"line":90,"column":13}},"line":88},"25":{"name":"(anonymous_25)","decl":{"start":{"line":93,"column":4},"end":{"line":93,"column":5}},"loc":{"start":{"line":93,"column":43},"end":{"line":99,"column":5}},"line":93},"26":{"name":"(anonymous_26)","decl":{"start":{"line":94,"column":23},"end":{"line":94,"column":24}},"loc":{"start":{"line":94,"column":31},"end":{"line":94,"column":42}},"line":94},"27":{"name":"(anonymous_27)","decl":{"start":{"line":95,"column":47},"end":{"line":95,"column":48}},"loc":{"start":{"line":95,"column":60},"end":{"line":98,"column":9}},"line":95},"28":{"name":"(anonymous_28)","decl":{"start":{"line":100,"column":4},"end":{"line":100,"column":5}},"loc":{"start":{"line":100,"column":54},"end":{"line":119,"column":5}},"line":100},"29":{"name":"(anonymous_29)","decl":{"start":{"line":102,"column":18},"end":{"line":102,"column":19}},"loc":{"start":{"line":102,"column":24},"end":{"line":111,"column":9}},"line":102},"30":{"name":"(anonymous_30)","decl":{"start":{"line":112,"column":18},"end":{"line":112,"column":19}},"loc":{"start":{"line":112,"column":27},"end":{"line":112,"column":37}},"line":112},"31":{"name":"(anonymous_31)","decl":{"start":{"line":113,"column":18},"end":{"line":113,"column":19}},"loc":{"start":{"line":113,"column":27},"end":{"line":118,"column":9}},"line":113},"32":{"name":"(anonymous_32)","decl":{"start":{"line":120,"column":4},"end":{"line":120,"column":5}},"loc":{"start":{"line":120,"column":41},"end":{"line":141,"column":5}},"line":120},"33":{"name":"(anonymous_33)","decl":{"start":{"line":129,"column":18},"end":{"line":129,"column":19}},"loc":{"start":{"line":129,"column":24},"end":{"line":133,"column":9}},"line":129},"34":{"name":"(anonymous_34)","decl":{"start":{"line":134,"column":18},"end":{"line":134,"column":19}},"loc":{"start":{"line":134,"column":27},"end":{"line":134,"column":37}},"line":134},"35":{"name":"(anonymous_35)","decl":{"start":{"line":135,"column":18},"end":{"line":135,"column":19}},"loc":{"start":{"line":135,"column":27},"end":{"line":140,"column":9}},"line":135},"36":{"name":"(anonymous_36)","decl":{"start":{"line":142,"column":4},"end":{"line":142,"column":5}},"loc":{"start":{"line":142,"column":16},"end":{"line":151,"column":5}},"line":142},"37":{"name":"(anonymous_37)","decl":{"start":{"line":144,"column":34},"end":{"line":144,"column":35}},"loc":{"start":{"line":144,"column":43},"end":{"line":149,"column":9}},"line":144},"38":{"name":"(anonymous_38)","decl":{"start":{"line":152,"column":4},"end":{"line":152,"column":5}},"loc":{"start":{"line":152,"column":13},"end":{"line":158,"column":5}},"line":152},"39":{"name":"(anonymous_39)","decl":{"start":{"line":159,"column":4},"end":{"line":159,"column":5}},"loc":{"start":{"line":159,"column":41},"end":{"line":166,"column":5}},"line":159},"40":{"name":"(anonymous_40)","decl":{"start":{"line":160,"column":23},"end":{"line":160,"column":24}},"loc":{"start":{"line":160,"column":31},"end":{"line":160,"column":42}},"line":160},"41":{"name":"(anonymous_41)","decl":{"start":{"line":161,"column":47},"end":{"line":161,"column":48}},"loc":{"start":{"line":161,"column":60},"end":{"line":165,"column":9}},"line":161},"42":{"name":"(anonymous_42)","decl":{"start":{"line":167,"column":4},"end":{"line":167,"column":5}},"loc":{"start":{"line":167,"column":33},"end":{"line":175,"column":5}},"line":167},"43":{"name":"(anonymous_43)","decl":{"start":{"line":176,"column":4},"end":{"line":176,"column":5}},"loc":{"start":{"line":176,"column":26},"end":{"line":178,"column":5}},"line":176}},"branchMap":{"0":{"loc":{"start":{"line":2,"column":17},"end":{"line":7,"column":1}},"type":"binary-expr","locations":[{"start":{"line":2,"column":18},"end":{"line":2,"column":22}},{"start":{"line":2,"column":26},"end":{"line":2,"column":41}},{"start":{"line":2,"column":46},"end":{"line":7,"column":1}}],"line":2},"1":{"loc":{"start":{"line":3,"column":34},"end":{"line":3,"column":125}},"type":"cond-expr","locations":[{"start":{"line":3,"column":42},"end":{"line":3,"column":48}},{"start":{"line":3,"column":51},"end":{"line":3,"column":125}}],"line":3},"2":{"loc":{"start":{"line":3,"column":51},"end":{"line":3,"column":125}},"type":"cond-expr","locations":[{"start":{"line":3,"column":67},"end":{"line":3,"column":118}},{"start":{"line":3,"column":121},"end":{"line":3,"column":125}}],"line":3},"3":{"loc":{"start":{"line":4,"column":4},"end":{"line":5,"column":150}},"type":"if","locations":[{"start":{"line":4,"column":4},"end":{"line":5,"column":150}},{"start":{"line":4,"column":4},"end":{"line":5,"column":150}}],"line":4},"4":{"loc":{"start":{"line":4,"column":8},"end":{"line":4,"column":77}},"type":"binary-expr","locations":[{"start":{"line":4,"column":8},"end":{"line":4,"column":35}},{"start":{"line":4,"column":39},"end":{"line":4,"column":77}}],"line":4},"5":{"loc":{"start":{"line":5,"column":58},"end":{"line":5,"column":150}},"type":"if","locations":[{"start":{"line":5,"column":58},"end":{"line":5,"column":150}},{"start":{"line":5,"column":58},"end":{"line":5,"column":150}}],"line":5},"6":{"loc":{"start":{"line":5,"column":85},"end":{"line":5,"column":149}},"type":"binary-expr","locations":[{"start":{"line":5,"column":86},"end":{"line":5,"column":143}},{"start":{"line":5,"column":148},"end":{"line":5,"column":149}}],"line":5},"7":{"loc":{"start":{"line":5,"column":86},"end":{"line":5,"column":143}},"type":"cond-expr","locations":[{"start":{"line":5,"column":94},"end":{"line":5,"column":98}},{"start":{"line":5,"column":101},"end":{"line":5,"column":143}}],"line":5},"8":{"loc":{"start":{"line":5,"column":101},"end":{"line":5,"column":143}},"type":"cond-expr","locations":[{"start":{"line":5,"column":109},"end":{"line":5,"column":126}},{"start":{"line":5,"column":129},"end":{"line":5,"column":143}}],"line":5},"9":{"loc":{"start":{"line":6,"column":11},"end":{"line":6,"column":62}},"type":"binary-expr","locations":[{"start":{"line":6,"column":11},"end":{"line":6,"column":16}},{"start":{"line":6,"column":20},"end":{"line":6,"column":21}},{"start":{"line":6,"column":25},"end":{"line":6,"column":62}}],"line":6},"10":{"loc":{"start":{"line":8,"column":17},"end":{"line":10,"column":1}},"type":"binary-expr","locations":[{"start":{"line":8,"column":18},"end":{"line":8,"column":22}},{"start":{"line":8,"column":26},"end":{"line":8,"column":41}},{"start":{"line":8,"column":46},"end":{"line":10,"column":1}}],"line":8},"11":{"loc":{"start":{"line":9,"column":4},"end":{"line":9,"column":109}},"type":"if","locations":[{"start":{"line":9,"column":4},"end":{"line":9,"column":109}},{"start":{"line":9,"column":4},"end":{"line":9,"column":109}}],"line":9},"12":{"loc":{"start":{"line":9,"column":8},"end":{"line":9,"column":77}},"type":"binary-expr","locations":[{"start":{"line":9,"column":8},"end":{"line":9,"column":35}},{"start":{"line":9,"column":39},"end":{"line":9,"column":77}}],"line":9},"13":{"loc":{"start":{"line":11,"column":16},"end":{"line":18,"column":1}},"type":"binary-expr","locations":[{"start":{"line":11,"column":17},"end":{"line":11,"column":21}},{"start":{"line":11,"column":25},"end":{"line":11,"column":39}},{"start":{"line":11,"column":44},"end":{"line":18,"column":1}}],"line":11},"14":{"loc":{"start":{"line":12,"column":16},"end":{"line":12,"column":34}},"type":"binary-expr","locations":[{"start":{"line":12,"column":16},"end":{"line":12,"column":17}},{"start":{"line":12,"column":22},"end":{"line":12,"column":33}}],"line":12},"15":{"loc":{"start":{"line":15,"column":32},"end":{"line":15,"column":148}},"type":"cond-expr","locations":[{"start":{"line":15,"column":46},"end":{"line":15,"column":67}},{"start":{"line":15,"column":70},"end":{"line":15,"column":148}}],"line":15},"16":{"loc":{"start":{"line":16,"column":51},"end":{"line":16,"column":67}},"type":"binary-expr","locations":[{"start":{"line":16,"column":51},"end":{"line":16,"column":61}},{"start":{"line":16,"column":65},"end":{"line":16,"column":67}}],"line":16},"17":{"loc":{"start":{"line":28,"column":37},"end":{"line":28,"column":59}},"type":"default-arg","locations":[{"start":{"line":28,"column":55},"end":{"line":28,"column":59}}],"line":28},"18":{"loc":{"start":{"line":28,"column":61},"end":{"line":28,"column":87}},"type":"default-arg","locations":[{"start":{"line":28,"column":78},"end":{"line":28,"column":87}}],"line":28},"19":{"loc":{"start":{"line":30,"column":8},"end":{"line":32,"column":9}},"type":"if","locations":[{"start":{"line":30,"column":8},"end":{"line":32,"column":9}},{"start":{"line":30,"column":8},"end":{"line":32,"column":9}}],"line":30},"20":{"loc":{"start":{"line":30,"column":12},"end":{"line":30,"column":67}},"type":"binary-expr","locations":[{"start":{"line":30,"column":12},"end":{"line":30,"column":28}},{"start":{"line":30,"column":32},"end":{"line":30,"column":67}}],"line":30},"21":{"loc":{"start":{"line":31,"column":29},"end":{"line":31,"column":57}},"type":"binary-expr","locations":[{"start":{"line":31,"column":29},"end":{"line":31,"column":44}},{"start":{"line":31,"column":48},"end":{"line":31,"column":57}}],"line":31},"22":{"loc":{"start":{"line":49,"column":12},"end":{"line":50,"column":56}},"type":"if","locations":[{"start":{"line":49,"column":12},"end":{"line":50,"column":56}},{"start":{"line":49,"column":12},"end":{"line":50,"column":56}}],"line":49},"23":{"loc":{"start":{"line":54,"column":30},"end":{"line":54,"column":68}},"type":"default-arg","locations":[{"start":{"line":54,"column":40},"end":{"line":54,"column":68}}],"line":54},"24":{"loc":{"start":{"line":57,"column":8},"end":{"line":62,"column":9}},"type":"if","locations":[{"start":{"line":57,"column":8},"end":{"line":62,"column":9}},{"start":{"line":57,"column":8},"end":{"line":62,"column":9}}],"line":57},"25":{"loc":{"start":{"line":60,"column":13},"end":{"line":62,"column":9}},"type":"if","locations":[{"start":{"line":60,"column":13},"end":{"line":62,"column":9}},{"start":{"line":60,"column":13},"end":{"line":62,"column":9}}],"line":60},"26":{"loc":{"start":{"line":66,"column":23},"end":{"line":66,"column":41}},"type":"binary-expr","locations":[{"start":{"line":66,"column":23},"end":{"line":66,"column":36}},{"start":{"line":66,"column":40},"end":{"line":66,"column":41}}],"line":66},"27":{"loc":{"start":{"line":67,"column":22},"end":{"line":67,"column":74}},"type":"binary-expr","locations":[{"start":{"line":67,"column":23},"end":{"line":67,"column":45}},{"start":{"line":67,"column":49},"end":{"line":67,"column":68}},{"start":{"line":67,"column":73},"end":{"line":67,"column":74}}],"line":67},"28":{"loc":{"start":{"line":68,"column":12},"end":{"line":73,"column":13}},"type":"if","locations":[{"start":{"line":68,"column":12},"end":{"line":73,"column":13}},{"start":{"line":68,"column":12},"end":{"line":73,"column":13}}],"line":68},"29":{"loc":{"start":{"line":68,"column":16},"end":{"line":68,"column":79}},"type":"binary-expr","locations":[{"start":{"line":68,"column":16},"end":{"line":68,"column":40}},{"start":{"line":68,"column":44},"end":{"line":68,"column":79}}],"line":68},"30":{"loc":{"start":{"line":77,"column":16},"end":{"line":79,"column":17}},"type":"if","locations":[{"start":{"line":77,"column":16},"end":{"line":79,"column":17}},{"start":{"line":77,"column":16},"end":{"line":79,"column":17}}],"line":77},"31":{"loc":{"start":{"line":96,"column":28},"end":{"line":96,"column":82}},"type":"cond-expr","locations":[{"start":{"line":96,"column":62},"end":{"line":96,"column":75}},{"start":{"line":96,"column":78},"end":{"line":96,"column":82}}],"line":96},"32":{"loc":{"start":{"line":100,"column":18},"end":{"line":100,"column":45}},"type":"default-arg","locations":[{"start":{"line":100,"column":28},"end":{"line":100,"column":45}}],"line":100},"33":{"loc":{"start":{"line":106,"column":12},"end":{"line":107,"column":78}},"type":"if","locations":[{"start":{"line":106,"column":12},"end":{"line":107,"column":78}},{"start":{"line":106,"column":12},"end":{"line":107,"column":78}}],"line":106},"34":{"loc":{"start":{"line":108,"column":19},"end":{"line":110,"column":97}},"type":"cond-expr","locations":[{"start":{"line":109,"column":18},"end":{"line":109,"column":98}},{"start":{"line":110,"column":18},"end":{"line":110,"column":97}}],"line":108},"35":{"loc":{"start":{"line":114,"column":12},"end":{"line":117,"column":73}},"type":"if","locations":[{"start":{"line":114,"column":12},"end":{"line":117,"column":73}},{"start":{"line":114,"column":12},"end":{"line":117,"column":73}}],"line":114},"36":{"loc":{"start":{"line":114,"column":16},"end":{"line":114,"column":39}},"type":"binary-expr","locations":[{"start":{"line":114,"column":16},"end":{"line":114,"column":22}},{"start":{"line":114,"column":26},"end":{"line":114,"column":39}}],"line":114},"37":{"loc":{"start":{"line":122,"column":8},"end":{"line":127,"column":9}},"type":"if","locations":[{"start":{"line":122,"column":8},"end":{"line":127,"column":9}},{"start":{"line":122,"column":8},"end":{"line":127,"column":9}}],"line":122},"38":{"loc":{"start":{"line":125,"column":13},"end":{"line":127,"column":9}},"type":"if","locations":[{"start":{"line":125,"column":13},"end":{"line":127,"column":9}},{"start":{"line":125,"column":13},"end":{"line":127,"column":9}}],"line":125},"39":{"loc":{"start":{"line":130,"column":19},"end":{"line":132,"column":60}},"type":"cond-expr","locations":[{"start":{"line":131,"column":18},"end":{"line":131,"column":59}},{"start":{"line":132,"column":18},"end":{"line":132,"column":60}}],"line":130},"40":{"loc":{"start":{"line":130,"column":19},"end":{"line":130,"column":48}},"type":"binary-expr","locations":[{"start":{"line":130,"column":19},"end":{"line":130,"column":26}},{"start":{"line":130,"column":30},"end":{"line":130,"column":48}}],"line":130},"41":{"loc":{"start":{"line":136,"column":12},"end":{"line":139,"column":73}},"type":"if","locations":[{"start":{"line":136,"column":12},"end":{"line":139,"column":73}},{"start":{"line":136,"column":12},"end":{"line":139,"column":73}}],"line":136},"42":{"loc":{"start":{"line":136,"column":16},"end":{"line":136,"column":31}},"type":"binary-expr","locations":[{"start":{"line":136,"column":16},"end":{"line":136,"column":22}},{"start":{"line":136,"column":26},"end":{"line":136,"column":31}}],"line":136},"43":{"loc":{"start":{"line":145,"column":12},"end":{"line":148,"column":13}},"type":"if","locations":[{"start":{"line":145,"column":12},"end":{"line":148,"column":13}},{"start":{"line":145,"column":12},"end":{"line":148,"column":13}}],"line":145},"44":{"loc":{"start":{"line":145,"column":16},"end":{"line":146,"column":102}},"type":"binary-expr","locations":[{"start":{"line":145,"column":16},"end":{"line":145,"column":46}},{"start":{"line":146,"column":19},"end":{"line":146,"column":102}}],"line":145},"45":{"loc":{"start":{"line":146,"column":21},"end":{"line":146,"column":101}},"type":"binary-expr","locations":[{"start":{"line":146,"column":21},"end":{"line":146,"column":30}},{"start":{"line":146,"column":34},"end":{"line":146,"column":55}},{"start":{"line":146,"column":59},"end":{"line":146,"column":101}}],"line":146},"46":{"loc":{"start":{"line":154,"column":21},"end":{"line":154,"column":56}},"type":"cond-expr","locations":[{"start":{"line":154,"column":32},"end":{"line":154,"column":49}},{"start":{"line":154,"column":52},"end":{"line":154,"column":56}}],"line":154},"47":{"loc":{"start":{"line":168,"column":8},"end":{"line":171,"column":9}},"type":"if","locations":[{"start":{"line":168,"column":8},"end":{"line":171,"column":9}},{"start":{"line":168,"column":8},"end":{"line":171,"column":9}}],"line":168},"48":{"loc":{"start":{"line":172,"column":8},"end":{"line":173,"column":43}},"type":"if","locations":[{"start":{"line":172,"column":8},"end":{"line":173,"column":43}},{"start":{"line":172,"column":8},"end":{"line":173,"column":43}}],"line":172},"49":{"loc":{"start":{"line":177,"column":15},"end":{"line":177,"column":119}},"type":"binary-expr","locations":[{"start":{"line":177,"column":15},"end":{"line":177,"column":17}},{"start":{"line":177,"column":21},"end":{"line":177,"column":35}},{"start":{"line":177,"column":39},"end":{"line":177,"column":119}}],"line":177}},"s":{"0":1,"1":2,"2":2,"3":2,"4":2,"5":0,"6":0,"7":0,"8":2,"9":1,"10":2,"11":2,"12":1,"13":35,"14":1,"15":1,"16":0,"17":0,"18":0,"19":0,"20":36,"21":1,"22":35,"23":1,"24":1,"25":1,"26":1,"27":1,"28":87,"29":1,"30":1,"31":1,"32":1,"33":18,"34":12,"35":12,"36":12,"37":12,"38":5,"39":31,"40":31,"41":30,"42":1,"43":11,"44":11,"45":11,"46":5,"47":6,"48":1,"49":11,"50":11,"51":11,"52":5,"53":5,"54":5,"55":11,"56":11,"57":0,"58":11,"59":19,"60":19,"61":18,"62":1,"63":1,"64":1,"65":1,"66":1,"67":6,"68":6,"69":6,"70":6,"71":6,"72":5,"73":6,"74":6,"75":6,"76":5,"77":1,"78":6,"79":6,"80":3,"81":3,"82":1,"83":6,"84":6,"85":6,"86":6,"87":5,"88":1,"89":0,"90":0,"91":0,"92":0,"93":0,"94":4,"95":4,"96":4,"97":4,"98":4,"99":3,"100":3,"101":3,"102":3,"103":3,"104":3,"105":67,"106":2,"107":2,"108":67,"109":59,"110":67,"111":17,"112":1,"113":1,"114":1},"f":{"0":2,"1":2,"2":35,"3":35,"4":1,"5":0,"6":36,"7":1,"8":87,"9":1,"10":18,"11":12,"12":12,"13":12,"14":12,"15":5,"16":31,"17":31,"18":11,"19":11,"20":5,"21":11,"22":19,"23":19,"24":18,"25":1,"26":1,"27":1,"28":6,"29":6,"30":6,"31":6,"32":6,"33":6,"34":6,"35":6,"36":0,"37":0,"38":4,"39":3,"40":3,"41":3,"42":67,"43":17},"b":{"0":[1,1,1],"1":[0,2],"2":[0,2],"3":[2,0],"4":[2,2],"5":[0,0],"6":[0,0],"7":[0,0],"8":[0,0],"9":[2,2,0],"10":[1,1,1],"11":[2,0],"12":[2,2],"13":[1,1,1],"14":[35,35],"15":[35,1],"16":[35,35],"17":[0],"18":[1],"19":[1,0],"20":[1,1],"21":[1,0],"22":[30,1],"23":[2],"24":[5,6],"25":[1,5],"26":[11,3],"27":[11,11,11],"28":[5,6],"29":[11,11],"30":[0,11],"31":[0,1],"32":[0],"33":[5,1],"34":[1,5],"35":[5,1],"36":[6,6],"37":[3,3],"38":[1,2],"39":[3,3],"40":[6,3],"41":[5,1],"42":[6,6],"43":[0,0],"44":[0,0],"45":[0,0,0],"46":[4,0],"47":[2,65],"48":[59,8],"49":[17,10,10]},"_coverageSchema":"332fd63041d2c1bcb487cc26dd0d5f7d97098a6c","hash":"6f19e0b118268fccb25522cc8c21284bf8af8a7c"}
,"C:\\Users\\Orel Balilti\\Documents\\Projects\\Sugoi\\mongoDB\\dist\\constants\\exceptions.constant.js": {"path":"C:\\Users\\Orel Balilti\\Documents\\Projects\\Sugoi\\mongoDB\\dist\\constants\\exceptions.constant.js","statementMap":{"0":{"start":{"line":2,"column":0},"end":{"line":2,"column":62}},"1":{"start":{"line":3,"column":0},"end":{"line":5,"column":2}}},"fnMap":{},"branchMap":{},"s":{"0":1,"1":1},"f":{},"b":{},"_coverageSchema":"332fd63041d2c1bcb487cc26dd0d5f7d97098a6c","hash":"2e6ae13628f02945973ea2befdaee5b397eff7b0"}
,"C:\\Users\\Orel Balilti\\Documents\\Projects\\Sugoi\\mongoDB\\dist\\constants\\sort-options-mongo.constant.js": {"path":"C:\\Users\\Orel Balilti\\Documents\\Projects\\Sugoi\\mongoDB\\dist\\constants\\sort-options-mongo.constant.js","statementMap":{"0":{"start":{"line":2,"column":0},"end":{"line":2,"column":62}},"1":{"start":{"line":3,"column":14},"end":{"line":3,"column":35}},"2":{"start":{"line":4,"column":0},"end":{"line":7,"column":2}}},"fnMap":{},"branchMap":{},"s":{"0":1,"1":1,"2":1},"f":{},"b":{},"_coverageSchema":"332fd63041d2c1bcb487cc26dd0d5f7d97098a6c","hash":"477c478b9f3c893bb0530c89122a8184c3573e67"}
}
