TN:
SF:C:\Users\Orel Balilti\Documents\Projects\Sugoi\mongoDB\dist\index.js
FNF:0
FNH:0
DA:2,1
DA:3,1
DA:4,1
DA:5,1
DA:6,1
DA:7,1
DA:8,1
DA:9,1
DA:10,1
DA:11,1
DA:12,1
DA:13,1
DA:14,1
DA:15,1
DA:16,1
LF:15
LH:15
BRF:0
BRH:0
end_of_record
TN:
SF:C:\Users\Orel Balilti\Documents\Projects\Sugoi\mongoDB\dist\classes\mongo-connection.class.js
FN:2,(anonymous_0)
FN:4,(anonymous_1)
FN:5,(anonymous_2)
FN:6,(anonymous_3)
FN:8,__
FN:14,(anonymous_5)
FN:16,MongoConnection
FN:22,(anonymous_7)
FN:25,(anonymous_8)
FN:28,(anonymous_9)
FN:35,(anonymous_10)
FN:41,(anonymous_11)
FNF:12
FNH:7
FNDA:1,(anonymous_0)
FNDA:0,(anonymous_1)
FNDA:0,(anonymous_2)
FNDA:1,(anonymous_3)
FNDA:1,__
FNDA:1,(anonymous_5)
FNDA:1,MongoConnection
FNDA:0,(anonymous_7)
FNDA:2,(anonymous_8)
FNDA:0,(anonymous_9)
FNDA:0,(anonymous_10)
FNDA:2,(anonymous_11)
DA:2,1
DA:3,1
DA:4,0
DA:5,0
DA:6,1
DA:7,1
DA:8,1
DA:9,1
DA:12,1
DA:13,1
DA:14,1
DA:15,1
DA:17,1
DA:18,1
DA:19,1
DA:20,1
DA:22,1
DA:23,0
DA:25,1
DA:26,2
DA:28,1
DA:29,0
DA:30,0
DA:31,0
DA:32,0
DA:34,0
DA:36,0
DA:37,0
DA:41,1
DA:42,2
DA:43,2
DA:44,0
DA:46,2
DA:47,2
DA:49,1
DA:51,1
LF:36
LH:25
BRDA:2,0,0,1
BRDA:2,0,1,1
BRDA:2,0,2,1
BRDA:3,1,0,1
BRDA:3,1,1,0
BRDA:3,1,2,0
BRDA:3,1,3,0
BRDA:5,2,0,0
BRDA:5,2,1,0
BRDA:9,3,0,0
BRDA:9,3,1,1
BRDA:17,4,0,1
BRDA:17,4,1,0
BRDA:18,5,0,1
BRDA:18,5,1,1
BRDA:31,6,0,0
BRDA:31,6,1,0
BRDA:31,7,0,0
BRDA:31,7,1,0
BRDA:43,8,0,0
BRDA:43,8,1,2
BRDA:43,9,0,2
BRDA:43,9,1,0
BRF:23
BRH:10
end_of_record
TN:
SF:C:\Users\Orel Balilti\Documents\Projects\Sugoi\mongoDB\dist\classes\mongo-model.abstract.js
FN:2,(anonymous_0)
FN:4,(anonymous_1)
FN:5,(anonymous_2)
FN:6,(anonymous_3)
FN:8,__
FN:12,(anonymous_5)
FN:18,(anonymous_6)
FN:21,(anonymous_7)
FN:22,(anonymous_8)
FN:23,fulfilled
FN:24,rejected
FN:25,step
FN:25,(anonymous_12)
FN:29,(anonymous_13)
FN:30,(anonymous_14)
FN:31,(anonymous_15)
FN:32,verb
FN:32,(anonymous_17)
FN:33,step
FN:62,(anonymous_19)
FN:64,MongoModel
FN:67,(anonymous_21)
FN:70,(anonymous_22)
FN:72,(anonymous_23)
FN:73,(anonymous_24)
FN:75,(anonymous_25)
FN:78,(anonymous_26)
FN:79,(anonymous_27)
FN:81,(anonymous_28)
FN:95,(anonymous_29)
FN:100,(anonymous_30)
FN:111,(anonymous_31)
FN:116,(anonymous_32)
FN:123,(anonymous_33)
FN:131,(anonymous_34)
FN:134,(anonymous_35)
FN:136,(anonymous_36)
FN:141,(anonymous_37)
FN:145,(anonymous_38)
FN:152,(anonymous_39)
FN:160,(anonymous_40)
FN:169,(anonymous_41)
FN:173,(anonymous_42)
FN:181,(anonymous_43)
FN:184,(anonymous_44)
FN:192,(anonymous_45)
FN:199,(anonymous_46)
FN:200,(anonymous_47)
FN:201,(anonymous_48)
FN:208,(anonymous_49)
FN:213,(anonymous_50)
FN:228,(anonymous_51)
FN:229,(anonymous_52)
FN:236,(anonymous_53)
FNF:54
FNH:30
FNDA:1,(anonymous_0)
FNDA:0,(anonymous_1)
FNDA:0,(anonymous_2)
FNDA:1,(anonymous_3)
FNDA:1,__
FNDA:1,(anonymous_5)
FNDA:1,(anonymous_6)
FNDA:1,(anonymous_7)
FNDA:1,(anonymous_8)
FNDA:1,fulfilled
FNDA:0,rejected
FNDA:2,step
FNDA:1,(anonymous_12)
FNDA:1,(anonymous_13)
FNDA:1,(anonymous_14)
FNDA:0,(anonymous_15)
FNDA:3,verb
FNDA:2,(anonymous_17)
FNDA:2,step
FNDA:1,(anonymous_19)
FNDA:3,MongoModel
FNDA:0,(anonymous_21)
FNDA:1,(anonymous_22)
FNDA:1,(anonymous_23)
FNDA:1,(anonymous_24)
FNDA:0,(anonymous_25)
FNDA:1,(anonymous_26)
FNDA:1,(anonymous_27)
FNDA:2,(anonymous_28)
FNDA:0,(anonymous_29)
FNDA:0,(anonymous_30)
FNDA:0,(anonymous_31)
FNDA:0,(anonymous_32)
FNDA:0,(anonymous_33)
FNDA:1,(anonymous_34)
FNDA:1,(anonymous_35)
FNDA:1,(anonymous_36)
FNDA:0,(anonymous_37)
FNDA:0,(anonymous_38)
FNDA:0,(anonymous_39)
FNDA:0,(anonymous_40)
FNDA:0,(anonymous_41)
FNDA:0,(anonymous_42)
FNDA:1,(anonymous_43)
FNDA:1,(anonymous_44)
FNDA:0,(anonymous_45)
FNDA:0,(anonymous_46)
FNDA:0,(anonymous_47)
FNDA:0,(anonymous_48)
FNDA:0,(anonymous_49)
FNDA:2,(anonymous_50)
FNDA:1,(anonymous_51)
FNDA:0,(anonymous_52)
FNDA:0,(anonymous_53)
DA:2,1
DA:3,1
DA:4,0
DA:5,0
DA:6,1
DA:7,1
DA:8,1
DA:9,1
DA:12,1
DA:13,1
DA:14,1
DA:15,0
DA:16,1
DA:18,1
DA:19,1
DA:21,1
DA:22,1
DA:23,1
DA:24,0
DA:25,2
DA:26,1
DA:29,1
DA:30,1
DA:31,1
DA:32,3
DA:34,2
DA:35,4
DA:36,4
DA:37,4
DA:38,4
DA:39,2
DA:40,1
DA:41,0
DA:42,0
DA:44,1
DA:45,0
DA:46,0
DA:47,0
DA:48,0
DA:49,0
DA:51,2
DA:52,4
DA:53,1
DA:56,1
DA:57,1
DA:58,1
DA:59,1
DA:60,1
DA:61,1
DA:62,1
DA:63,1
DA:65,3
DA:67,1
DA:68,0
DA:70,1
DA:71,1
DA:72,1
DA:73,1
DA:75,1
DA:76,0
DA:78,1
DA:79,1
DA:81,1
DA:82,2
DA:84,1
DA:85,0
DA:86,1
DA:87,1
DA:89,1
DA:90,1
DA:95,1
DA:96,0
DA:100,1
DA:101,0
DA:102,0
DA:103,0
DA:104,0
DA:105,0
DA:107,0
DA:108,0
DA:110,0
DA:112,0
DA:115,0
DA:116,0
DA:117,0
DA:119,0
DA:121,0
DA:124,0
DA:125,0
DA:127,0
DA:131,1
DA:132,1
DA:133,1
DA:135,1
DA:137,1
DA:141,1
DA:142,0
DA:143,0
DA:144,0
DA:147,0
DA:148,0
DA:149,0
DA:150,0
DA:151,0
DA:153,0
DA:154,0
DA:155,0
DA:157,0
DA:160,1
DA:161,0
DA:162,0
DA:163,0
DA:164,0
DA:166,0
DA:167,0
DA:169,0
DA:170,0
DA:174,0
DA:175,0
DA:176,0
DA:178,0
DA:181,1
DA:182,1
DA:183,1
DA:184,1
DA:185,1
DA:187,1
DA:190,1
DA:192,1
DA:193,0
DA:194,0
DA:195,0
DA:196,0
DA:197,0
DA:199,1
DA:200,0
DA:201,0
DA:202,0
DA:203,0
DA:204,0
DA:208,1
DA:209,0
DA:210,0
DA:211,0
DA:213,1
DA:214,2
DA:215,2
DA:218,2
DA:219,0
DA:224,2
DA:225,0
DA:227,2
DA:229,1
DA:230,1
DA:236,1
DA:237,0
DA:239,1
DA:240,1
DA:244,1
DA:246,1
LF:160
LH:88
BRDA:2,0,0,1
BRDA:2,0,1,1
BRDA:2,0,2,1
BRDA:3,1,0,1
BRDA:3,1,1,0
BRDA:3,1,2,0
BRDA:3,1,3,0
BRDA:5,2,0,0
BRDA:5,2,1,0
BRDA:9,3,0,0
BRDA:9,3,1,1
BRDA:12,4,0,1
BRDA:12,4,1,1
BRDA:12,4,2,1
BRDA:13,5,0,0
BRDA:13,5,1,1
BRDA:13,6,0,0
BRDA:13,6,1,1
BRDA:14,7,0,1
BRDA:14,7,1,0
BRDA:14,8,0,1
BRDA:14,8,1,1
BRDA:15,9,0,0
BRDA:15,9,1,0
BRDA:15,10,0,0
BRDA:15,10,1,0
BRDA:15,11,0,0
BRDA:15,11,1,0
BRDA:15,12,0,0
BRDA:15,12,1,0
BRDA:16,13,0,1
BRDA:16,13,1,1
BRDA:16,13,2,0
BRDA:18,14,0,1
BRDA:18,14,1,1
BRDA:18,14,2,1
BRDA:19,15,0,1
BRDA:19,15,1,0
BRDA:19,16,0,1
BRDA:19,16,1,1
BRDA:21,17,0,1
BRDA:21,17,1,1
BRDA:21,17,2,1
BRDA:22,18,0,1
BRDA:22,18,1,1
BRDA:25,19,0,1
BRDA:25,19,1,1
BRDA:26,20,0,1
BRDA:26,20,1,1
BRDA:29,21,0,1
BRDA:29,21,1,1
BRDA:29,21,2,1
BRDA:30,22,0,0
BRDA:30,22,1,1
BRDA:31,23,0,1
BRDA:31,23,1,1
BRDA:34,24,0,0
BRDA:34,24,1,2
BRDA:36,25,0,0
BRDA:36,25,1,4
BRDA:36,26,0,4
BRDA:36,26,1,0
BRDA:36,26,2,0
BRDA:36,27,0,0
BRDA:36,27,1,0
BRDA:36,28,0,0
BRDA:36,28,1,0
BRDA:37,29,0,0
BRDA:37,29,1,4
BRDA:38,30,0,2
BRDA:38,30,1,2
BRDA:38,30,2,1
BRDA:38,30,3,0
BRDA:38,30,4,0
BRDA:38,30,5,1
BRDA:44,31,0,1
BRDA:44,31,1,0
BRDA:44,32,0,1
BRDA:44,32,1,1
BRDA:44,32,2,1
BRDA:44,33,0,1
BRDA:44,33,1,0
BRDA:45,34,0,0
BRDA:45,34,1,0
BRDA:45,35,0,0
BRDA:45,35,1,0
BRDA:45,35,2,0
BRDA:45,35,3,0
BRDA:46,36,0,0
BRDA:46,36,1,0
BRDA:46,37,0,0
BRDA:46,37,1,0
BRDA:47,38,0,0
BRDA:47,38,1,0
BRDA:47,39,0,0
BRDA:47,39,1,0
BRDA:48,40,0,0
BRDA:48,40,1,0
BRDA:53,41,0,0
BRDA:53,41,1,1
BRDA:53,42,0,1
BRDA:53,42,1,0
BRDA:65,43,0,3
BRDA:65,43,1,0
BRDA:82,44,0,1
BRDA:82,44,1,1
BRDA:84,45,0,0
BRDA:84,45,1,1
BRDA:96,46,0,0
BRDA:96,46,1,0
BRDA:101,47,0,0
BRDA:101,47,1,0
BRDA:104,48,0,0
BRDA:104,48,1,0
BRDA:107,49,0,0
BRDA:107,49,1,0
BRDA:113,50,0,0
BRDA:113,50,1,0
BRDA:114,51,0,0
BRDA:114,51,1,0
BRDA:115,52,0,0
BRDA:115,52,1,0
BRDA:115,53,0,0
BRDA:115,53,1,0
BRDA:124,54,0,0
BRDA:124,54,1,0
BRDA:143,55,0,0
BRDA:143,55,1,0
BRDA:154,56,0,0
BRDA:154,56,1,0
BRDA:154,57,0,0
BRDA:154,57,1,0
BRDA:163,58,0,0
BRDA:163,58,1,0
BRDA:166,59,0,0
BRDA:166,59,1,0
BRDA:170,60,0,0
BRDA:170,60,1,0
BRDA:170,61,0,0
BRDA:170,61,1,0
BRDA:175,62,0,0
BRDA:175,62,1,0
BRDA:175,63,0,0
BRDA:175,63,1,0
BRDA:185,64,0,1
BRDA:185,64,1,0
BRDA:185,65,0,1
BRDA:185,65,1,1
BRDA:186,66,0,1
BRDA:186,66,1,1
BRDA:186,66,2,1
BRDA:194,67,0,0
BRDA:194,67,1,0
BRDA:209,68,0,0
BRDA:209,68,1,0
BRDA:216,69,0,2
BRDA:216,69,1,2
BRDA:218,70,0,0
BRDA:218,70,1,2
BRDA:218,71,0,2
BRDA:218,71,1,0
BRDA:224,72,0,0
BRDA:224,72,1,2
BRDA:237,73,0,0
BRDA:237,73,1,0
BRDA:237,73,2,0
BRF:166
BRH:66
end_of_record
TN:
SF:C:\Users\Orel Balilti\Documents\Projects\Sugoi\mongoDB\dist\constants\exceptions.constant.js
FNF:0
FNH:0
DA:2,1
DA:3,1
LF:2
LH:2
BRF:0
BRH:0
end_of_record
TN:
SF:C:\Users\Orel Balilti\Documents\Projects\Sugoi\mongoDB\dist\constants\sort-options-mongo.constant.js
FNF:0
FNH:0
DA:2,1
DA:4,1
DA:5,1
LF:3
LH:3
BRF:0
BRH:0
end_of_record
