TN:
SF:C:\Users\Orel Balilti\Documents\Projects\Sugoi\mongoDB\dist\index.js
FNF:0
FNH:0
DA:2,1
DA:3,1
DA:4,1
DA:5,1
DA:6,1
DA:7,1
DA:8,1
DA:9,1
DA:10,1
DA:11,1
DA:12,1
DA:13,1
DA:14,1
DA:15,1
DA:16,1
DA:17,1
DA:18,1
DA:19,1
LF:18
LH:18
BRF:0
BRH:0
end_of_record
TN:
SF:C:\Users\Orel Balilti\Documents\Projects\Sugoi\mongoDB\dist\__tests__\models\dummy.js
FN:2,(anonymous_0)
FN:8,(anonymous_1)
FN:16,(anonymous_2)
FN:20,(anonymous_3)
FN:23,(anonymous_4)
FN:26,(anonymous_5)
FN:29,(anonymous_6)
FN:32,(anonymous_7)
FN:35,(anonymous_8)
FN:39,(anonymous_9)
FN:42,(anonymous_10)
FN:45,(anonymous_11)
FNF:12
FNH:12
FNDA:4,(anonymous_0)
FNDA:4,(anonymous_1)
FNDA:78,(anonymous_2)
FNDA:12,(anonymous_3)
FNDA:1,(anonymous_4)
FNDA:27,(anonymous_5)
FNDA:8,(anonymous_6)
FNDA:7,(anonymous_7)
FNDA:17,(anonymous_8)
FNDA:17,(anonymous_9)
FNDA:27,(anonymous_10)
FNDA:17,(anonymous_11)
DA:2,1
DA:3,4
DA:4,4
DA:5,0
DA:6,4
DA:8,1
DA:9,4
DA:11,1
DA:13,1
DA:14,1
DA:15,1
DA:17,78
DA:18,78
DA:21,12
DA:24,1
DA:27,27
DA:30,8
DA:33,7
DA:36,17
DA:37,17
DA:40,17
DA:43,27
DA:46,17
DA:49,1
DA:53,1
DA:57,1
DA:61,1
DA:66,1
LF:28
LH:27
BRDA:2,0,0,1
BRDA:2,0,1,1
BRDA:2,0,2,1
BRDA:3,1,0,1
BRDA:3,1,1,3
BRDA:3,2,0,0
BRDA:3,2,1,3
BRDA:4,3,0,4
BRDA:4,3,1,0
BRDA:4,4,0,4
BRDA:4,4,1,4
BRDA:5,5,0,0
BRDA:5,5,1,0
BRDA:5,6,0,0
BRDA:5,6,1,0
BRDA:5,7,0,0
BRDA:5,7,1,0
BRDA:5,8,0,0
BRDA:5,8,1,0
BRDA:6,9,0,4
BRDA:6,9,1,3
BRDA:6,9,2,0
BRDA:8,10,0,1
BRDA:8,10,1,1
BRDA:8,10,2,1
BRDA:9,11,0,4
BRDA:9,11,1,0
BRDA:9,12,0,4
BRDA:9,12,1,4
BRDA:27,13,0,5
BRDA:27,13,1,22
BRF:31
BRH:19
end_of_record
TN:
SF:C:\Users\Orel Balilti\Documents\Projects\Sugoi\mongoDB\dist\classes\mongo-connection.class.js
FN:6,(anonymous_0)
FN:11,(anonymous_1)
FN:25,(anonymous_2)
FN:26,(anonymous_3)
FN:34,(anonymous_4)
FN:39,(anonymous_5)
FN:42,(anonymous_6)
FN:45,(anonymous_7)
FN:52,(anonymous_8)
FN:58,(anonymous_9)
FNF:10
FNH:8
FNDA:1,(anonymous_0)
FNDA:1,(anonymous_1)
FNDA:1,(anonymous_2)
FNDA:0,(anonymous_3)
FNDA:0,(anonymous_4)
FNDA:16,(anonymous_5)
FNDA:1,(anonymous_6)
FNDA:2,(anonymous_7)
FNDA:1,(anonymous_8)
FNDA:1,(anonymous_9)
DA:2,1
DA:3,1
DA:4,1
DA:7,1
DA:8,1
DA:9,1
DA:12,1
DA:15,1
DA:16,0
DA:21,1
DA:22,1
DA:24,1
DA:26,1
DA:27,1
DA:31,1
DA:32,1
DA:35,0
DA:36,0
DA:40,16
DA:43,1
DA:46,2
DA:47,1
DA:48,1
DA:51,1
DA:53,1
DA:54,1
DA:59,1
DA:60,1
DA:61,0
DA:63,1
DA:64,1
DA:67,1
LF:32
LH:28
BRDA:13,0,0,1
BRDA:13,0,1,1
BRDA:15,1,0,0
BRDA:15,1,1,1
BRDA:15,2,0,1
BRDA:15,2,1,0
BRDA:21,3,0,1
BRDA:21,3,1,0
BRDA:46,4,0,1
BRDA:46,4,1,1
BRDA:60,5,0,0
BRDA:60,5,1,1
BRDA:60,6,0,1
BRDA:60,6,1,0
BRF:14
BRH:9
end_of_record
TN:
SF:C:\Users\Orel Balilti\Documents\Projects\Sugoi\mongoDB\dist\classes\mongo-model.abstract.js
FN:2,(anonymous_0)
FN:8,(anonymous_1)
FN:11,(anonymous_2)
FN:12,(anonymous_3)
FN:13,fulfilled
FN:14,rejected
FN:15,step
FN:15,(anonymous_7)
FN:25,(anonymous_8)
FN:28,(anonymous_9)
FN:35,(anonymous_10)
FN:38,(anonymous_11)
FN:40,(anonymous_12)
FN:41,(anonymous_13)
FN:42,(anonymous_14)
FN:44,(anonymous_15)
FN:47,(anonymous_16)
FN:48,(anonymous_17)
FN:54,(anonymous_18)
FN:64,(anonymous_19)
FN:69,(anonymous_20)
FN:76,(anonymous_21)
FN:84,(anonymous_22)
FN:86,(anonymous_23)
FN:88,(anonymous_24)
FN:93,(anonymous_25)
FN:95,(anonymous_26)
FN:102,(anonymous_27)
FN:103,(anonymous_28)
FN:110,(anonymous_29)
FN:119,(anonymous_30)
FN:124,(anonymous_31)
FN:125,(anonymous_32)
FN:132,(anonymous_33)
FN:134,(anonymous_34)
FN:142,(anonymous_35)
FN:149,(anonymous_36)
FN:150,(anonymous_37)
FN:151,(anonymous_38)
FN:157,(anonymous_39)
FN:166,(anonymous_40)
FNF:41
FNH:38
FNDA:2,(anonymous_0)
FNDA:2,(anonymous_1)
FNDA:34,(anonymous_2)
FNDA:34,(anonymous_3)
FNDA:1,fulfilled
FNDA:0,rejected
FNDA:35,step
FNDA:1,(anonymous_7)
FNDA:78,(anonymous_8)
FNDA:1,(anonymous_9)
FNDA:25,(anonymous_10)
FNDA:15,(anonymous_11)
FNDA:15,(anonymous_12)
FNDA:15,(anonymous_13)
FNDA:15,(anonymous_14)
FNDA:3,(anonymous_15)
FNDA:31,(anonymous_16)
FNDA:31,(anonymous_17)
FNDA:14,(anonymous_18)
FNDA:14,(anonymous_19)
FNDA:5,(anonymous_20)
FNDA:14,(anonymous_21)
FNDA:17,(anonymous_22)
FNDA:17,(anonymous_23)
FNDA:17,(anonymous_24)
FNDA:8,(anonymous_25)
FNDA:8,(anonymous_26)
FNDA:8,(anonymous_27)
FNDA:8,(anonymous_28)
FNDA:6,(anonymous_29)
FNDA:6,(anonymous_30)
FNDA:6,(anonymous_31)
FNDA:6,(anonymous_32)
FNDA:0,(anonymous_33)
FNDA:0,(anonymous_34)
FNDA:2,(anonymous_35)
FNDA:3,(anonymous_36)
FNDA:3,(anonymous_37)
FNDA:3,(anonymous_38)
FNDA:61,(anonymous_39)
FNDA:20,(anonymous_40)
DA:2,1
DA:3,2
DA:4,2
DA:5,0
DA:6,2
DA:8,1
DA:9,2
DA:11,1
DA:12,34
DA:13,1
DA:14,0
DA:15,35
DA:16,34
DA:19,1
DA:20,1
DA:21,1
DA:22,1
DA:23,1
DA:26,78
DA:29,1
DA:30,1
DA:31,1
DA:33,1
DA:36,25
DA:39,15
DA:40,15
DA:41,15
DA:42,15
DA:45,3
DA:48,31
DA:49,31
DA:50,30
DA:51,1
DA:55,14
DA:56,14
DA:57,14
DA:58,9
DA:60,5
DA:61,1
DA:63,14
DA:65,14
DA:68,14
DA:69,5
DA:70,5
DA:72,5
DA:74,14
DA:77,14
DA:78,0
DA:80,14
DA:85,17
DA:87,17
DA:89,17
DA:94,8
DA:96,8
DA:97,8
DA:98,8
DA:99,8
DA:100,8
DA:102,8
DA:104,8
DA:105,7
DA:107,1
DA:111,6
DA:112,6
DA:113,3
DA:115,3
DA:116,1
DA:118,6
DA:120,6
DA:124,6
DA:126,6
DA:127,5
DA:129,1
DA:133,0
DA:134,0
DA:135,0
DA:137,0
DA:140,0
DA:143,2
DA:144,2
DA:145,2
DA:146,2
DA:147,2
DA:150,3
DA:151,3
DA:152,3
DA:153,3
DA:154,3
DA:158,61
DA:159,2
DA:160,2
DA:162,61
DA:163,59
DA:164,61
DA:167,20
DA:170,1
DA:174,1
DA:178,1
LF:98
LH:90
BRDA:2,0,0,1
BRDA:2,0,1,1
BRDA:2,0,2,1
BRDA:3,1,0,0
BRDA:3,1,1,2
BRDA:3,2,0,0
BRDA:3,2,1,2
BRDA:4,3,0,2
BRDA:4,3,1,0
BRDA:4,4,0,2
BRDA:4,4,1,2
BRDA:5,5,0,0
BRDA:5,5,1,0
BRDA:5,6,0,0
BRDA:5,6,1,0
BRDA:5,7,0,0
BRDA:5,7,1,0
BRDA:5,8,0,0
BRDA:5,8,1,0
BRDA:6,9,0,2
BRDA:6,9,1,2
BRDA:6,9,2,0
BRDA:8,10,0,1
BRDA:8,10,1,1
BRDA:8,10,2,1
BRDA:9,11,0,2
BRDA:9,11,1,0
BRDA:9,12,0,2
BRDA:9,12,1,2
BRDA:11,13,0,1
BRDA:11,13,1,1
BRDA:11,13,2,1
BRDA:12,14,0,34
BRDA:12,14,1,34
BRDA:15,15,0,34
BRDA:15,15,1,1
BRDA:16,16,0,34
BRDA:16,16,1,34
BRDA:28,17,0,0
BRDA:28,18,0,1
BRDA:30,19,0,1
BRDA:30,19,1,0
BRDA:30,20,0,1
BRDA:30,20,1,1
BRDA:31,21,0,1
BRDA:31,21,1,0
BRDA:49,22,0,30
BRDA:49,22,1,1
BRDA:54,23,0,1
BRDA:57,24,0,9
BRDA:57,24,1,5
BRDA:60,25,0,1
BRDA:60,25,1,4
BRDA:66,26,0,14
BRDA:66,26,1,2
BRDA:67,27,0,14
BRDA:67,27,1,14
BRDA:68,28,0,5
BRDA:68,28,1,9
BRDA:68,29,0,14
BRDA:68,29,1,14
BRDA:77,30,0,0
BRDA:77,30,1,14
BRDA:93,31,0,8
BRDA:104,32,0,7
BRDA:104,32,1,1
BRDA:104,33,0,8
BRDA:104,33,1,8
BRDA:112,34,0,3
BRDA:112,34,1,3
BRDA:115,35,0,1
BRDA:115,35,1,2
BRDA:120,36,0,3
BRDA:120,36,1,3
BRDA:120,37,0,6
BRDA:120,37,1,3
BRDA:126,38,0,5
BRDA:126,38,1,1
BRDA:126,39,0,6
BRDA:126,39,1,6
BRDA:135,40,0,0
BRDA:135,40,1,0
BRDA:135,41,0,0
BRDA:135,41,1,0
BRDA:136,42,0,0
BRDA:136,42,1,0
BRDA:136,42,2,0
BRDA:144,43,0,2
BRDA:144,43,1,0
BRDA:158,44,0,2
BRDA:158,44,1,59
BRDA:162,45,0,59
BRDA:162,45,1,2
BRDA:167,46,0,20
BRDA:167,46,1,14
BRDA:167,46,2,14
BRF:96
BRH:71
end_of_record
TN:
SF:C:\Users\Orel Balilti\Documents\Projects\Sugoi\mongoDB\dist\constants\exceptions.constant.js
FNF:0
FNH:0
DA:2,1
DA:3,1
LF:2
LH:2
BRF:0
BRH:0
end_of_record
TN:
SF:C:\Users\Orel Balilti\Documents\Projects\Sugoi\mongoDB\dist\constants\sort-options-mongo.constant.js
FNF:0
FNH:0
DA:2,1
DA:3,1
DA:4,1
LF:3
LH:3
BRF:0
BRH:0
end_of_record
